#
# There is insufficient memory for the Java Runtime Environment to continue.
# Native memory allocation (malloc) failed to allocate 32744 bytes for ChunkPool::allocate
# Possible reasons:
#   The system is out of physical RAM or swap space
#   The process is running with CompressedOops enabled, and the Java Heap may be blocking the growth of the native heap
# Possible solutions:
#   Reduce memory load on the system
#   Increase physical memory or swap space
#   Check if swap backing store is full
#   Decrease Java heap size (-Xmx/-Xms)
#   Decrease number of Java threads
#   Decrease Java thread stack sizes (-Xss)
#   Set larger code cache with -XX:ReservedCodeCacheSize=
#   JVM is running with Unscaled Compressed Oops mode in which the Java heap is
#     placed in the first 4GB address space. The Java Heap base address is the
#     maximum limit for the native heap growth. Please use -XX:HeapBaseMinAddress
#     to set the Java Heap base and to place the Java Heap above 4GB virtual address.
# This output file may be truncated or incomplete.
#
#  Out of Memory Error (arena.cpp:78), pid=15460, tid=15764
#
# JRE version: Java(TM) SE Runtime Environment (17.0.8+9) (build 17.0.8+9-LTS-211)
# Java VM: Java HotSpot(TM) 64-Bit Server VM (17.0.8+9-LTS-211, mixed mode, sharing, tiered, compressed oops, compressed class ptrs, g1 gc, windows-amd64)
# No core dump will be written. Minidumps are not enabled by default on client versions of Windows
#

---------------  S U M M A R Y ------------

Command Line: --add-opens=java.base/java.util.concurrent.atomic=ALL-UNNAMED -XX:MaxMetaspaceSize=384m -XX:+HeapDumpOnOutOfMemoryError -agentlib:jdwp=transport=dt_socket,server=n,suspend=y,address=127.0.0.1:55123 --add-opens=java.base/java.util=ALL-UNNAMED --add-opens=java.base/java.lang=ALL-UNNAMED --add-opens=java.base/java.lang.invoke=ALL-UNNAMED --add-opens=java.prefs/java.util.prefs=ALL-UNNAMED --add-opens=java.base/java.nio.charset=ALL-UNNAMED --add-opens=java.base/java.net=ALL-UNNAMED --add-opens=java.base/java.util.concurrent.atomic=ALL-UNNAMED -Xms256m -Xmx512m -Dfile.encoding=windows-1252 -Duser.country=US -Duser.language=en -Duser.variant -javaagent:C:\Users\vidka\.gradle\wrapper\dists\gradle-8.4-bin\1w5dpkrfk8irigvoxmyhowfim\gradle-8.4\lib\agents\gradle-instrumentation-agent-8.4.jar org.gradle.launcher.daemon.bootstrap.GradleDaemon 8.4

Host: Intel(R) Core(TM) i3-1005G1 CPU @ 1.20GHz, 4 cores, 3G,  Windows 11 , 64 bit Build 22621 (10.0.22621.2506)
Time: Sat Jan 20 15:53:56 2024 Central Standard Time elapsed time: 149.820562 seconds (0d 0h 2m 29s)

---------------  T H R E A D  ---------------

Current thread (0x0000022d53ea4450):  JavaThread "C2 CompilerThread0" daemon [_thread_in_native, id=15764, stack(0x000000e5a1100000,0x000000e5a1200000)]


Current CompileTask:
C2: 149821 10629       4       javax.management.ObjectName::construct (1135 bytes)

Stack: [0x000000e5a1100000,0x000000e5a1200000]
Native frames: (J=compiled Java code, j=interpreted, Vv=VM code, C=native code)
V  [jvm.dll+0x677d0a]
V  [jvm.dll+0x7d8c54]
V  [jvm.dll+0x7da3fe]
V  [jvm.dll+0x7daa63]
V  [jvm.dll+0x245c5f]
V  [jvm.dll+0xaacc0]
V  [jvm.dll+0xab00c]
V  [jvm.dll+0x65766a]
V  [jvm.dll+0x78f08]
V  [jvm.dll+0x33ded7]
V  [jvm.dll+0x343496]
V  [jvm.dll+0x346a90]
V  [jvm.dll+0x694430]
V  [jvm.dll+0x69035f]
V  [jvm.dll+0x6882d6]
V  [jvm.dll+0x687920]
V  [jvm.dll+0x68582a]
V  [jvm.dll+0x1a6d0c]
V  [jvm.dll+0x1a789b]
V  [jvm.dll+0x2aa7fc]
V  [jvm.dll+0x690303]
V  [jvm.dll+0x6882d6]
V  [jvm.dll+0x687920]
V  [jvm.dll+0x68582a]
V  [jvm.dll+0x1a6d0c]
V  [jvm.dll+0x1a789b]
V  [jvm.dll+0x2aa7fc]
V  [jvm.dll+0x690303]
V  [jvm.dll+0x6882d6]
V  [jvm.dll+0x687920]
V  [jvm.dll+0x68582a]
V  [jvm.dll+0x1a6d0c]
V  [jvm.dll+0x1a789b]
V  [jvm.dll+0x2aa7fc]
V  [jvm.dll+0x690303]
V  [jvm.dll+0x6882d6]
V  [jvm.dll+0x687920]
V  [jvm.dll+0x68582a]
V  [jvm.dll+0x1a6d0c]
V  [jvm.dll+0x1a789b]
V  [jvm.dll+0x2aa7fc]
V  [jvm.dll+0x690303]
V  [jvm.dll+0x6882d6]
V  [jvm.dll+0x687920]
V  [jvm.dll+0x68582a]
V  [jvm.dll+0x1a6d0c]
V  [jvm.dll+0x216fe8]
V  [jvm.dll+0x1a3af0]
V  [jvm.dll+0x2270be]
V  [jvm.dll+0x22535b]
V  [jvm.dll+0x78e7bc]
V  [jvm.dll+0x788bba]
V  [jvm.dll+0x676b35]
C  [ucrtbase.dll+0x29363]
C  [KERNEL32.DLL+0x1257d]
C  [ntdll.dll+0x5aa58]


---------------  P R O C E S S  ---------------

Threads class SMR info:
_java_thread_list=0x0000022d7241ef00, length=95, elements={
0x0000022d39e399f0, 0x0000022d53e84a20, 0x0000022d53e86b80, 0x0000022d53e9d590,
0x0000022d53e9df40, 0x0000022d53ea2900, 0x0000022d53ea32b0, 0x0000022d53ea4450,
0x0000022d53ea85c0, 0x0000022d53eb3a60, 0x0000022d53e71e40, 0x0000022d6d227920,
0x0000022d6d227e10, 0x0000022d6d228300, 0x0000022d6d2b1830, 0x0000022d6e2a2320,
0x0000022d6eca3c60, 0x0000022d6dfe74a0, 0x0000022d6e9b96b0, 0x0000022d6d16e0c0,
0x0000022d6d16dbf0, 0x0000022d6d16e590, 0x0000022d6d16ea60, 0x0000022d6d16cd80,
0x0000022d6d16ef30, 0x0000022d6d16f400, 0x0000022d6d16ba40, 0x0000022d6d16c3e0,
0x0000022d6d16d250, 0x0000022d6d16d720, 0x0000022d6fbc5750, 0x0000022d6fbcc130,
0x0000022d6fbc7900, 0x0000022d6fbcc600, 0x0000022d6fbc65c0, 0x0000022d6fbca450,
0x0000022d6fbc9f80, 0x0000022d6fbc95e0, 0x0000022d6fbc60f0, 0x0000022d6fbc9ab0,
0x0000022d6fbc5c20, 0x0000022d6fbc7430, 0x0000022d6fbc7dd0, 0x0000022d6fbcadf0,
0x0000022d6fbc82a0, 0x0000022d6fbc8770, 0x0000022d6fbc8c40, 0x0000022d6fbc9110,
0x0000022d6fbcb790, 0x0000022d6fbcbc60, 0x0000022d6f5b83a0, 0x0000022d6f5baef0,
0x0000022d6f5b9210, 0x0000022d6f5b9bb0, 0x0000022d6f5b7ed0, 0x0000022d6f5bda40,
0x0000022d6f5bdf10, 0x0000022d6f5bb890, 0x0000022d6f5baa20, 0x0000022d6f5bbd60,
0x0000022d6f5be8b0, 0x0000022d6f5bc230, 0x0000022d6f5bb3c0, 0x0000022d6f5bc700,
0x0000022d6f5bed80, 0x0000022d6f5be3e0, 0x0000022d6f5bcbd0, 0x0000022d6f5ba080,
0x0000022d6f5b8870, 0x0000022d6f5bf250, 0x0000022d6f5b96e0, 0x0000022d6f5bd0a0,
0x0000022d6f5bd570, 0x0000022d6f5bf720, 0x0000022d6f5b8d40, 0x0000022d6f5ba550,
0x0000022d714e0d40, 0x0000022d714dd380, 0x0000022d714df530, 0x0000022d714dfed0,
0x0000022d714dc9e0, 0x0000022d714dfa00, 0x0000022d714deb90, 0x0000022d714e3890,
0x0000022d714e03a0, 0x0000022d714e16e0, 0x0000022d714e0870, 0x0000022d714e1210,
0x0000022d714de6c0, 0x0000022d714e3d60, 0x0000022d714e2080, 0x0000022d714e1bb0,
0x0000022d714e2ef0, 0x0000022d714e33c0, 0x0000022d714e4230
}

Java Threads: ( => current thread )
  0x0000022d39e399f0 JavaThread "main" [_thread_blocked, id=21360, stack(0x000000e5a0400000,0x000000e5a0500000)]
  0x0000022d53e84a20 JavaThread "Reference Handler" daemon [_thread_blocked, id=12748, stack(0x000000e5a0b00000,0x000000e5a0c00000)]
  0x0000022d53e86b80 JavaThread "Finalizer" daemon [_thread_blocked, id=13624, stack(0x000000e5a0c00000,0x000000e5a0d00000)]
  0x0000022d53e9d590 JavaThread "Signal Dispatcher" daemon [_thread_blocked, id=21244, stack(0x000000e5a0d00000,0x000000e5a0e00000)]
  0x0000022d53e9df40 JavaThread "Attach Listener" daemon [_thread_blocked, id=18228, stack(0x000000e5a0e00000,0x000000e5a0f00000)]
  0x0000022d53ea2900 JavaThread "Service Thread" daemon [_thread_blocked, id=6736, stack(0x000000e5a0f00000,0x000000e5a1000000)]
  0x0000022d53ea32b0 JavaThread "Monitor Deflation Thread" daemon [_thread_blocked, id=18136, stack(0x000000e5a1000000,0x000000e5a1100000)]
=>0x0000022d53ea4450 JavaThread "C2 CompilerThread0" daemon [_thread_in_native, id=15764, stack(0x000000e5a1100000,0x000000e5a1200000)]
  0x0000022d53ea85c0 JavaThread "C1 CompilerThread0" daemon [_thread_blocked, id=17708, stack(0x000000e5a1200000,0x000000e5a1300000)]
  0x0000022d53eb3a60 JavaThread "Sweeper thread" daemon [_thread_blocked, id=13264, stack(0x000000e5a1300000,0x000000e5a1400000)]
  0x0000022d53e71e40 JavaThread "Common-Cleaner" daemon [_thread_blocked, id=9660, stack(0x000000e5a1400000,0x000000e5a1500000)]
  0x0000022d6d227920 JavaThread "JDWP Transport Listener: dt_socket" daemon [_thread_blocked, id=12248, stack(0x000000e5a1500000,0x000000e5a1600000)]
  0x0000022d6d227e10 JavaThread "JDWP Event Helper Thread" daemon [_thread_blocked, id=9520, stack(0x000000e5a1600000,0x000000e5a1700000)]
  0x0000022d6d228300 JavaThread "JDWP Command Reader" daemon [_thread_in_native, id=7228, stack(0x000000e5a1700000,0x000000e5a1800000)]
  0x0000022d6d2b1830 JavaThread "Notification Thread" daemon [_thread_blocked, id=21012, stack(0x000000e5a1800000,0x000000e5a1900000)]
  0x0000022d6e2a2320 JavaThread "Daemon health stats" [_thread_blocked, id=16960, stack(0x000000e5a1d00000,0x000000e5a1e00000)]
  0x0000022d6eca3c60 JavaThread "Incoming local TCP Connector on port 55127" [_thread_in_native, id=16496, stack(0x000000e5a1e00000,0x000000e5a1f00000)]
  0x0000022d6dfe74a0 JavaThread "Daemon periodic checks" [_thread_blocked, id=2472, stack(0x000000e5a1f00000,0x000000e5a2000000)]
  0x0000022d6e9b96b0 JavaThread "Daemon" [_thread_blocked, id=2040, stack(0x000000e5a2000000,0x000000e5a2100000)]
  0x0000022d6d16e0c0 JavaThread "Handler for socket connection from /127.0.0.1:55127 to /127.0.0.1:55128" [_thread_in_native, id=20612, stack(0x000000e5a2100000,0x000000e5a2200000)]
  0x0000022d6d16dbf0 JavaThread "Cancel handler" [_thread_blocked, id=13260, stack(0x000000e5a2200000,0x000000e5a2300000)]
  0x0000022d6d16e590 JavaThread "Daemon worker" [_thread_blocked, id=10916, stack(0x000000e5a2300000,0x000000e5a2400000)]
  0x0000022d6d16ea60 JavaThread "Asynchronous log dispatcher for DefaultDaemonConnection: socket connection from /127.0.0.1:55127 to /127.0.0.1:55128" [_thread_blocked, id=17816, stack(0x000000e5a2400000,0x000000e5a2500000)]
  0x0000022d6d16cd80 JavaThread "Stdin handler" [_thread_blocked, id=9272, stack(0x000000e5a2500000,0x000000e5a2600000)]
  0x0000022d6d16ef30 JavaThread "Daemon client event forwarder" [_thread_blocked, id=20220, stack(0x000000e5a2600000,0x000000e5a2700000)]
  0x0000022d6d16f400 JavaThread "Cache worker for journal cache (C:\Users\vidka\.gradle\caches\journal-1)" [_thread_blocked, id=3360, stack(0x000000e5a2700000,0x000000e5a2800000)]
  0x0000022d6d16ba40 JavaThread "File lock request listener" [_thread_in_native, id=13784, stack(0x000000e5a2800000,0x000000e5a2900000)]
  0x0000022d6d16c3e0 JavaThread "Cache worker for file hash cache (C:\Users\vidka\.gradle\caches\8.4\fileHashes)" [_thread_blocked, id=20360, stack(0x000000e5a2900000,0x000000e5a2a00000)]
  0x0000022d6d16d250 JavaThread "File watcher server" daemon [_thread_in_native, id=18224, stack(0x000000e5a2a00000,0x000000e5a2b00000)]
  0x0000022d6d16d720 JavaThread "File watcher consumer" daemon [_thread_blocked, id=12880, stack(0x000000e5a2b00000,0x000000e5a2c00000)]
  0x0000022d6fbc5750 JavaThread "Cache worker for checksums cache (C:\Vinitha\launchcode\Project\Liftoff-group-03\.gradle\8.4\checksums)" [_thread_blocked, id=12348, stack(0x000000e5a2c00000,0x000000e5a2d00000)]
  0x0000022d6fbcc130 JavaThread "Cache worker for file hash cache (C:\Vinitha\launchcode\Project\Liftoff-group-03\.gradle\8.4\fileHashes)" [_thread_blocked, id=4652, stack(0x000000e5a2d00000,0x000000e5a2e00000)]
  0x0000022d6fbc7900 JavaThread "Cache worker for cache directory md-supplier (C:\Users\vidka\.gradle\caches\8.4\md-supplier)" [_thread_blocked, id=2908, stack(0x000000e5a2e00000,0x000000e5a2f00000)]
  0x0000022d6fbcc600 JavaThread "Cache worker for file content cache (C:\Users\vidka\.gradle\caches\8.4\fileContent)" [_thread_blocked, id=14468, stack(0x000000e5a2f00000,0x000000e5a3000000)]
  0x0000022d6fbc65c0 JavaThread "Cache worker for cache directory md-rule (C:\Users\vidka\.gradle\caches\8.4\md-rule)" [_thread_blocked, id=5500, stack(0x000000e5a3000000,0x000000e5a3100000)]
  0x0000022d6fbca450 JavaThread "Cache worker for execution history cache (C:\Users\vidka\.gradle\caches\8.4\executionHistory)" [_thread_blocked, id=11900, stack(0x000000e5a3100000,0x000000e5a3200000)]
  0x0000022d6fbc9f80 JavaThread "jar transforms" [_thread_blocked, id=20064, stack(0x000000e5a3200000,0x000000e5a3300000)]
  0x0000022d6fbc95e0 JavaThread "jar transforms Thread 2" [_thread_blocked, id=15252, stack(0x000000e5a3300000,0x000000e5a3400000)]
  0x0000022d6fbc60f0 JavaThread "jar transforms Thread 3" [_thread_blocked, id=14536, stack(0x000000e5a3400000,0x000000e5a3500000)]
  0x0000022d6fbc9ab0 JavaThread "jar transforms Thread 4" [_thread_blocked, id=12968, stack(0x000000e5a3500000,0x000000e5a3600000)]
  0x0000022d6fbc5c20 JavaThread "Cache worker for dependencies-accessors (C:\Vinitha\launchcode\Project\Liftoff-group-03\.gradle\8.4\dependencies-accessors)" [_thread_blocked, id=17964, stack(0x000000e5a3600000,0x000000e5a3700000)]
  0x0000022d6fbc7430 JavaThread "Cache worker for Build Output Cleanup Cache (C:\Vinitha\launchcode\Project\Liftoff-group-03\.gradle\buildOutputCleanup)" [_thread_blocked, id=16032, stack(0x000000e5a3700000,0x000000e5a3800000)]
  0x0000022d6fbc7dd0 JavaThread "Unconstrained build operations" [_thread_blocked, id=11832, stack(0x000000e5a3800000,0x000000e5a3900000)]
  0x0000022d6fbcadf0 JavaThread "Unconstrained build operations Thread 2" [_thread_blocked, id=12320, stack(0x000000e5a3900000,0x000000e5a3a00000)]
  0x0000022d6fbc82a0 JavaThread "Unconstrained build operations Thread 3" [_thread_blocked, id=12328, stack(0x000000e5a3a00000,0x000000e5a3b00000)]
  0x0000022d6fbc8770 JavaThread "Memory manager" [_thread_blocked, id=15780, stack(0x000000e5a3b00000,0x000000e5a3c00000)]
  0x0000022d6fbc8c40 JavaThread "included builds" [_thread_blocked, id=15344, stack(0x000000e5a3e00000,0x000000e5a3f00000)]
  0x0000022d6fbc9110 JavaThread "Execution worker" [_thread_blocked, id=21476, stack(0x000000e5a3f00000,0x000000e5a4000000)]
  0x0000022d6fbcb790 JavaThread "Execution worker Thread 2" [_thread_blocked, id=2868, stack(0x000000e5a4000000,0x000000e5a4100000)]
  0x0000022d6fbcbc60 JavaThread "Execution worker Thread 3" [_thread_blocked, id=17940, stack(0x000000e5a4100000,0x000000e5a4200000)]
  0x0000022d6f5b83a0 JavaThread "Cache worker for execution history cache (C:\Vinitha\launchcode\Project\Liftoff-group-03\.gradle\8.4\executionHistory)" [_thread_blocked, id=20084, stack(0x000000e5a4200000,0x000000e5a4300000)]
  0x0000022d6f5baef0 JavaThread "Unconstrained build operations Thread 4" [_thread_blocked, id=12140, stack(0x000000e5a4300000,0x000000e5a4400000)]
  0x0000022d6f5b9210 JavaThread "Unconstrained build operations Thread 5" [_thread_blocked, id=7428, stack(0x000000e5a4400000,0x000000e5a4500000)]
  0x0000022d6f5b9bb0 JavaThread "Unconstrained build operations Thread 6" [_thread_blocked, id=17744, stack(0x000000e5a4500000,0x000000e5a4600000)]
  0x0000022d6f5b7ed0 JavaThread "Unconstrained build operations Thread 7" [_thread_blocked, id=14120, stack(0x000000e5a4600000,0x000000e5a4700000)]
  0x0000022d6f5bda40 JavaThread "Unconstrained build operations Thread 8" [_thread_blocked, id=15256, stack(0x000000e5a4900000,0x000000e5a4a00000)]
  0x0000022d6f5bdf10 JavaThread "Unconstrained build operations Thread 9" [_thread_blocked, id=14992, stack(0x000000e5a4a00000,0x000000e5a4b00000)]
  0x0000022d6f5bb890 JavaThread "Unconstrained build operations Thread 10" [_thread_blocked, id=16200, stack(0x000000e5a4b00000,0x000000e5a4c00000)]
  0x0000022d6f5baa20 JavaThread "Unconstrained build operations Thread 11" [_thread_blocked, id=1612, stack(0x000000e5a4c00000,0x000000e5a4d00000)]
  0x0000022d6f5bbd60 JavaThread "Unconstrained build operations Thread 12" [_thread_blocked, id=3068, stack(0x000000e5a4d00000,0x000000e5a4e00000)]
  0x0000022d6f5be8b0 JavaThread "Unconstrained build operations Thread 13" [_thread_blocked, id=4412, stack(0x000000e5a4e00000,0x000000e5a4f00000)]
  0x0000022d6f5bc230 JavaThread "Unconstrained build operations Thread 14" [_thread_blocked, id=16440, stack(0x000000e5a4f00000,0x000000e5a5000000)]
  0x0000022d6f5bb3c0 JavaThread "Unconstrained build operations Thread 15" [_thread_blocked, id=8880, stack(0x000000e5a5000000,0x000000e5a5100000)]
  0x0000022d6f5bc700 JavaThread "Unconstrained build operations Thread 16" [_thread_blocked, id=14444, stack(0x000000e5a5100000,0x000000e5a5200000)]
  0x0000022d6f5bed80 JavaThread "Unconstrained build operations Thread 17" [_thread_blocked, id=16328, stack(0x000000e5a5200000,0x000000e5a5300000)]
  0x0000022d6f5be3e0 JavaThread "Unconstrained build operations Thread 18" [_thread_blocked, id=8076, stack(0x000000e5a5300000,0x000000e5a5400000)]
  0x0000022d6f5bcbd0 JavaThread "Unconstrained build operations Thread 19" [_thread_blocked, id=17564, stack(0x000000e5a5400000,0x000000e5a5500000)]
  0x0000022d6f5ba080 JavaThread "Unconstrained build operations Thread 20" [_thread_blocked, id=7756, stack(0x000000e5a5500000,0x000000e5a5600000)]
  0x0000022d6f5b8870 JavaThread "Unconstrained build operations Thread 21" [_thread_blocked, id=11056, stack(0x000000e5a5600000,0x000000e5a5700000)]
  0x0000022d6f5bf250 JavaThread "Unconstrained build operations Thread 22" [_thread_blocked, id=14172, stack(0x000000e5a5700000,0x000000e5a5800000)]
  0x0000022d6f5b96e0 JavaThread "Unconstrained build operations Thread 23" [_thread_blocked, id=3112, stack(0x000000e5a5800000,0x000000e5a5900000)]
  0x0000022d6f5bd0a0 JavaThread "Unconstrained build operations Thread 24" [_thread_blocked, id=19464, stack(0x000000e5a5900000,0x000000e5a5a00000)]
  0x0000022d6f5bd570 JavaThread "Unconstrained build operations Thread 25" [_thread_blocked, id=15812, stack(0x000000e5a5a00000,0x000000e5a5b00000)]
  0x0000022d6f5bf720 JavaThread "Unconstrained build operations Thread 26" [_thread_blocked, id=20664, stack(0x000000e5a5b00000,0x000000e5a5c00000)]
  0x0000022d6f5b8d40 JavaThread "Unconstrained build operations Thread 27" [_thread_blocked, id=16964, stack(0x000000e5a5c00000,0x000000e5a5d00000)]
  0x0000022d6f5ba550 JavaThread "Unconstrained build operations Thread 28" [_thread_blocked, id=4880, stack(0x000000e5a5d00000,0x000000e5a5e00000)]
  0x0000022d714e0d40 JavaThread "Unconstrained build operations Thread 29" [_thread_blocked, id=18028, stack(0x000000e5a5e00000,0x000000e5a5f00000)]
  0x0000022d714dd380 JavaThread "Unconstrained build operations Thread 30" [_thread_blocked, id=10296, stack(0x000000e5a5f00000,0x000000e5a6000000)]
  0x0000022d714df530 JavaThread "Unconstrained build operations Thread 31" [_thread_blocked, id=7576, stack(0x000000e5a6000000,0x000000e5a6100000)]
  0x0000022d714dfed0 JavaThread "Unconstrained build operations Thread 32" [_thread_blocked, id=1876, stack(0x000000e5a6100000,0x000000e5a6200000)]
  0x0000022d714dc9e0 JavaThread "Unconstrained build operations Thread 33" [_thread_blocked, id=16608, stack(0x000000e5a6200000,0x000000e5a6300000)]
  0x0000022d714dfa00 JavaThread "Unconstrained build operations Thread 34" [_thread_blocked, id=17092, stack(0x000000e5a6300000,0x000000e5a6400000)]
  0x0000022d714deb90 JavaThread "Unconstrained build operations Thread 35" [_thread_blocked, id=13568, stack(0x000000e5a6400000,0x000000e5a6500000)]
  0x0000022d714e3890 JavaThread "Unconstrained build operations Thread 36" [_thread_blocked, id=5264, stack(0x000000e5a6500000,0x000000e5a6600000)]
  0x0000022d714e03a0 JavaThread "Unconstrained build operations Thread 37" [_thread_blocked, id=15496, stack(0x000000e5a6600000,0x000000e5a6700000)]
  0x0000022d714e16e0 JavaThread "Unconstrained build operations Thread 38" [_thread_blocked, id=8468, stack(0x000000e5a6700000,0x000000e5a6800000)]
  0x0000022d714e0870 JavaThread "Unconstrained build operations Thread 39" [_thread_blocked, id=1648, stack(0x000000e5a6800000,0x000000e5a6900000)]
  0x0000022d714e1210 JavaThread "Unconstrained build operations Thread 40" [_thread_blocked, id=2884, stack(0x000000e5a6900000,0x000000e5a6a00000)]
  0x0000022d714de6c0 JavaThread "Cache worker for Java compile cache (C:\Users\vidka\.gradle\caches\8.4\javaCompile)" [_thread_blocked, id=16596, stack(0x000000e5a6a00000,0x000000e5a6b00000)]
  0x0000022d714e3d60 JavaThread "Build operations" [_thread_blocked, id=11944, stack(0x000000e5a6b00000,0x000000e5a6c00000)]
  0x0000022d714e2080 JavaThread "Build operations Thread 2" [_thread_blocked, id=5996, stack(0x000000e5a6c00000,0x000000e5a6d00000)]
  0x0000022d714e1bb0 JavaThread "Build operations Thread 3" [_thread_blocked, id=13932, stack(0x000000e5a6d00000,0x000000e5a6e00000)]
  0x0000022d714e2ef0 JavaThread "Exec process" [_thread_in_native, id=20304, stack(0x000000e5a0100000,0x000000e5a0200000)]
  0x0000022d714e33c0 JavaThread "Exec process Thread 2" [_thread_in_native, id=16312, stack(0x000000e5a0200000,0x000000e5a0300000)]
  0x0000022d714e4230 JavaThread "Exec process Thread 3" [_thread_in_native, id=3556, stack(0x000000e5a0300000,0x000000e5a0400000)]

Other Threads:
  0x0000022d53e804f0 VMThread "VM Thread" [stack: 0x000000e5a0a00000,0x000000e5a0b00000] [id=17688]
  0x0000022d6d2b2510 WatcherThread [stack: 0x000000e5a1900000,0x000000e5a1a00000] [id=15324]
  0x0000022d39e660b0 GCTaskThread "GC Thread#0" [stack: 0x000000e5a0500000,0x000000e5a0600000] [id=12236]
  0x0000022d6d43d620 GCTaskThread "GC Thread#1" [stack: 0x000000e5a1a00000,0x000000e5a1b00000] [id=18960]
  0x0000022d6d43d8d0 GCTaskThread "GC Thread#2" [stack: 0x000000e5a1b00000,0x000000e5a1c00000] [id=15516]
  0x0000022d6d40ff70 GCTaskThread "GC Thread#3" [stack: 0x000000e5a1c00000,0x000000e5a1d00000] [id=15736]
  0x0000022d37c9e000 ConcurrentGCThread "G1 Main Marker" [stack: 0x000000e5a0600000,0x000000e5a0700000] [id=12916]
  0x0000022d37c9e6c0 ConcurrentGCThread "G1 Conc#0" [stack: 0x000000e5a0700000,0x000000e5a0800000] [id=14688]
  0x0000022d39efda00 ConcurrentGCThread "G1 Refine#0" [stack: 0x000000e5a0800000,0x000000e5a0900000] [id=11628]
  0x0000022d6f85ea50 ConcurrentGCThread "G1 Refine#1" [stack: 0x000000e5a3c00000,0x000000e5a3d00000] [id=13876]
  0x0000022d6f85e1b0 ConcurrentGCThread "G1 Refine#2" [stack: 0x000000e5a3d00000,0x000000e5a3e00000] [id=10736]
  0x0000022d72359500 ConcurrentGCThread "G1 Refine#3" [stack: 0x000000e5a6e00000,0x000000e5a6f00000] [id=15820]
  0x0000022d39efe1c0 ConcurrentGCThread "G1 Service" [stack: 0x000000e5a0900000,0x000000e5a0a00000] [id=12820]

Threads with active compile tasks:
C2 CompilerThread0   150068 10629       4       javax.management.ObjectName::construct (1135 bytes)

VM state: not at safepoint (normal execution)

VM Mutex/Monitor currently owned by a thread: None

Heap address: 0x00000000e0000000, size: 512 MB, Compressed Oops mode: 32-bit

CDS archive(s) mapped at: [0x0000022d54000000-0x0000022d54bd0000-0x0000022d54bd0000), size 12386304, SharedBaseAddress: 0x0000022d54000000, ArchiveRelocationMode: 1.
Compressed class space mapped at: 0x0000022d55000000-0x0000022d69000000, reserved size: 335544320
Narrow klass base: 0x0000022d54000000, Narrow klass shift: 0, Narrow klass range: 0x100000000

GC Precious Log:
 CPUs: 4 total, 4 available
 Memory: 3682M
 Large Page Support: Disabled
 NUMA Support: Disabled
 Compressed Oops: Enabled (32-bit)
 Heap Region Size: 1M
 Heap Min Capacity: 256M
 Heap Initial Capacity: 256M
 Heap Max Capacity: 512M
 Pre-touch: Disabled
 Parallel Workers: 4
 Concurrent Workers: 1
 Concurrent Refinement Workers: 4
 Periodic GC: Disabled

Heap:
 garbage-first heap   total 262144K, used 156460K [0x00000000e0000000, 0x0000000100000000)
  region size 1024K, 93 young (95232K), 4 survivors (4096K)
 Metaspace       used 64247K, committed 64832K, reserved 393216K
  class space    used 8760K, committed 9024K, reserved 327680K

Heap Regions: E=young(eden), S=young(survivor), O=old, HS=humongous(starts), HC=humongous(continues), CS=collection set, F=free, OA=open archive, CA=closed archive, TAMS=top-at-mark-start (previous, next)
|   0|0x00000000e0000000, 0x00000000e0100000, 0x00000000e0100000|100%| O|  |TAMS 0x00000000e0100000, 0x00000000e0000000| Untracked 
|   1|0x00000000e0100000, 0x00000000e0200000, 0x00000000e0200000|100%| O|  |TAMS 0x00000000e0200000, 0x00000000e0100000| Untracked 
|   2|0x00000000e0200000, 0x00000000e0300000, 0x00000000e0300000|100%|HS|  |TAMS 0x00000000e0300000, 0x00000000e0200000| Complete 
|   3|0x00000000e0300000, 0x00000000e0400000, 0x00000000e0400000|100%|HC|  |TAMS 0x00000000e0400000, 0x00000000e0300000| Complete 
|   4|0x00000000e0400000, 0x00000000e0500000, 0x00000000e0500000|100%|HC|  |TAMS 0x00000000e0500000, 0x00000000e0400000| Complete 
|   5|0x00000000e0500000, 0x00000000e0600000, 0x00000000e0600000|100%|HC|  |TAMS 0x00000000e0600000, 0x00000000e0500000| Complete 
|   6|0x00000000e0600000, 0x00000000e0700000, 0x00000000e0700000|100%| O|  |TAMS 0x00000000e0700000, 0x00000000e0600000| Untracked 
|   7|0x00000000e0700000, 0x00000000e0800000, 0x00000000e0800000|100%| O|  |TAMS 0x00000000e0800000, 0x00000000e0700000| Untracked 
|   8|0x00000000e0800000, 0x00000000e0900000, 0x00000000e0900000|100%| O|  |TAMS 0x00000000e0900000, 0x00000000e0800000| Untracked 
|   9|0x00000000e0900000, 0x00000000e0a00000, 0x00000000e0a00000|100%| O|  |TAMS 0x00000000e0a00000, 0x00000000e0900000| Untracked 
|  10|0x00000000e0a00000, 0x00000000e0b00000, 0x00000000e0b00000|100%| O|  |TAMS 0x00000000e0b00000, 0x00000000e0a00000| Untracked 
|  11|0x00000000e0b00000, 0x00000000e0c00000, 0x00000000e0c00000|100%| O|  |TAMS 0x00000000e0c00000, 0x00000000e0b00000| Untracked 
|  12|0x00000000e0c00000, 0x00000000e0d00000, 0x00000000e0d00000|100%| O|  |TAMS 0x00000000e0d00000, 0x00000000e0c00000| Untracked 
|  13|0x00000000e0d00000, 0x00000000e0e00000, 0x00000000e0e00000|100%| O|  |TAMS 0x00000000e0e00000, 0x00000000e0d00000| Untracked 
|  14|0x00000000e0e00000, 0x00000000e0f00000, 0x00000000e0f00000|100%| O|  |TAMS 0x00000000e0f00000, 0x00000000e0e00000| Untracked 
|  15|0x00000000e0f00000, 0x00000000e1000000, 0x00000000e1000000|100%| O|  |TAMS 0x00000000e1000000, 0x00000000e0f00000| Untracked 
|  16|0x00000000e1000000, 0x00000000e1100000, 0x00000000e1100000|100%| O|  |TAMS 0x00000000e1100000, 0x00000000e1000000| Untracked 
|  17|0x00000000e1100000, 0x00000000e1200000, 0x00000000e1200000|100%| O|  |TAMS 0x00000000e1200000, 0x00000000e1100000| Untracked 
|  18|0x00000000e1200000, 0x00000000e1300000, 0x00000000e1300000|100%| O|  |TAMS 0x00000000e1300000, 0x00000000e1200000| Untracked 
|  19|0x00000000e1300000, 0x00000000e1400000, 0x00000000e1400000|100%| O|  |TAMS 0x00000000e1400000, 0x00000000e1300000| Untracked 
|  20|0x00000000e1400000, 0x00000000e1500000, 0x00000000e1500000|100%| O|  |TAMS 0x00000000e1500000, 0x00000000e1400000| Untracked 
|  21|0x00000000e1500000, 0x00000000e1600000, 0x00000000e1600000|100%| O|  |TAMS 0x00000000e1600000, 0x00000000e1500000| Untracked 
|  22|0x00000000e1600000, 0x00000000e1700000, 0x00000000e1700000|100%| O|  |TAMS 0x00000000e1700000, 0x00000000e1600000| Untracked 
|  23|0x00000000e1700000, 0x00000000e1800000, 0x00000000e1800000|100%| O|  |TAMS 0x00000000e1800000, 0x00000000e1700000| Untracked 
|  24|0x00000000e1800000, 0x00000000e1900000, 0x00000000e1900000|100%| O|  |TAMS 0x00000000e1900000, 0x00000000e1800000| Untracked 
|  25|0x00000000e1900000, 0x00000000e1a00000, 0x00000000e1a00000|100%| O|  |TAMS 0x00000000e1a00000, 0x00000000e1900000| Untracked 
|  26|0x00000000e1a00000, 0x00000000e1b00000, 0x00000000e1b00000|100%| O|  |TAMS 0x00000000e1b00000, 0x00000000e1a00000| Untracked 
|  27|0x00000000e1b00000, 0x00000000e1c00000, 0x00000000e1c00000|100%| O|  |TAMS 0x00000000e1c00000, 0x00000000e1b00000| Untracked 
|  28|0x00000000e1c00000, 0x00000000e1d00000, 0x00000000e1d00000|100%| O|  |TAMS 0x00000000e1d00000, 0x00000000e1c00000| Untracked 
|  29|0x00000000e1d00000, 0x00000000e1e00000, 0x00000000e1e00000|100%| O|  |TAMS 0x00000000e1e00000, 0x00000000e1d00000| Untracked 
|  30|0x00000000e1e00000, 0x00000000e1f00000, 0x00000000e1f00000|100%| O|  |TAMS 0x00000000e1f00000, 0x00000000e1e00000| Complete 
|  31|0x00000000e1f00000, 0x00000000e2000000, 0x00000000e2000000|100%| O|  |TAMS 0x00000000e2000000, 0x00000000e1f00000| Untracked 
|  32|0x00000000e2000000, 0x00000000e2100000, 0x00000000e2100000|100%| O|  |TAMS 0x00000000e2100000, 0x00000000e2000000| Untracked 
|  33|0x00000000e2100000, 0x00000000e2200000, 0x00000000e2200000|100%| O|  |TAMS 0x00000000e2200000, 0x00000000e2100000| Untracked 
|  34|0x00000000e2200000, 0x00000000e2300000, 0x00000000e2300000|100%| O|  |TAMS 0x00000000e2300000, 0x00000000e2200000| Untracked 
|  35|0x00000000e2300000, 0x00000000e2400000, 0x00000000e2400000|100%| O|  |TAMS 0x00000000e2400000, 0x00000000e2300000| Untracked 
|  36|0x00000000e2400000, 0x00000000e2500000, 0x00000000e2500000|100%| O|  |TAMS 0x00000000e2500000, 0x00000000e2400000| Untracked 
|  37|0x00000000e2500000, 0x00000000e2600000, 0x00000000e2600000|100%| O|  |TAMS 0x00000000e2559a00, 0x00000000e2500000| Untracked 
|  38|0x00000000e2600000, 0x00000000e2700000, 0x00000000e2700000|100%| O|  |TAMS 0x00000000e2600000, 0x00000000e2600000| Untracked 
|  39|0x00000000e2700000, 0x00000000e2800000, 0x00000000e2800000|100%| O|  |TAMS 0x00000000e2700000, 0x00000000e2700000| Untracked 
|  40|0x00000000e2800000, 0x00000000e2900000, 0x00000000e2900000|100%| O|  |TAMS 0x00000000e2800000, 0x00000000e2800000| Untracked 
|  41|0x00000000e2900000, 0x00000000e2a00000, 0x00000000e2a00000|100%| O|  |TAMS 0x00000000e2900000, 0x00000000e2900000| Untracked 
|  42|0x00000000e2a00000, 0x00000000e2b00000, 0x00000000e2b00000|100%| O|  |TAMS 0x00000000e2a00000, 0x00000000e2a00000| Untracked 
|  43|0x00000000e2b00000, 0x00000000e2c00000, 0x00000000e2c00000|100%| O|  |TAMS 0x00000000e2b00000, 0x00000000e2b00000| Untracked 
|  44|0x00000000e2c00000, 0x00000000e2d00000, 0x00000000e2d00000|100%| O|  |TAMS 0x00000000e2c00000, 0x00000000e2c00000| Untracked 
|  45|0x00000000e2d00000, 0x00000000e2e00000, 0x00000000e2e00000|100%| O|  |TAMS 0x00000000e2d00000, 0x00000000e2d00000| Untracked 
|  46|0x00000000e2e00000, 0x00000000e2f00000, 0x00000000e2f00000|100%| O|  |TAMS 0x00000000e2e00000, 0x00000000e2e00000| Untracked 
|  47|0x00000000e2f00000, 0x00000000e3000000, 0x00000000e3000000|100%| O|  |TAMS 0x00000000e2f00000, 0x00000000e2f00000| Untracked 
|  48|0x00000000e3000000, 0x00000000e3100000, 0x00000000e3100000|100%| O|  |TAMS 0x00000000e3000000, 0x00000000e3000000| Untracked 
|  49|0x00000000e3100000, 0x00000000e3200000, 0x00000000e3200000|100%| O|  |TAMS 0x00000000e3100000, 0x00000000e3100000| Untracked 
|  50|0x00000000e3200000, 0x00000000e3300000, 0x00000000e3300000|100%| O|  |TAMS 0x00000000e3200000, 0x00000000e3200000| Untracked 
|  51|0x00000000e3300000, 0x00000000e3400000, 0x00000000e3400000|100%| O|  |TAMS 0x00000000e3300000, 0x00000000e3300000| Untracked 
|  52|0x00000000e3400000, 0x00000000e3500000, 0x00000000e3500000|100%| O|  |TAMS 0x00000000e3400000, 0x00000000e3400000| Untracked 
|  53|0x00000000e3500000, 0x00000000e3600000, 0x00000000e3600000|100%| O|  |TAMS 0x00000000e3500000, 0x00000000e3500000| Untracked 
|  54|0x00000000e3600000, 0x00000000e3700000, 0x00000000e3700000|100%| O|  |TAMS 0x00000000e3600000, 0x00000000e3600000| Untracked 
|  55|0x00000000e3700000, 0x00000000e3800000, 0x00000000e3800000|100%| O|  |TAMS 0x00000000e3700000, 0x00000000e3700000| Untracked 
|  56|0x00000000e3800000, 0x00000000e3900000, 0x00000000e3900000|100%| O|  |TAMS 0x00000000e3800000, 0x00000000e3800000| Untracked 
|  57|0x00000000e3900000, 0x00000000e394b000, 0x00000000e3a00000| 29%| O|  |TAMS 0x00000000e3900000, 0x00000000e3900000| Untracked 
|  58|0x00000000e3a00000, 0x00000000e3b00000, 0x00000000e3b00000|100%|HS|  |TAMS 0x00000000e3a00000, 0x00000000e3a00000| Complete 
|  59|0x00000000e3b00000, 0x00000000e3c00000, 0x00000000e3c00000|100%|HS|  |TAMS 0x00000000e3b00000, 0x00000000e3b00000| Complete 
|  60|0x00000000e3c00000, 0x00000000e3d00000, 0x00000000e3d00000|100%|HS|  |TAMS 0x00000000e3c00000, 0x00000000e3c00000| Complete 
|  61|0x00000000e3d00000, 0x00000000e3e00000, 0x00000000e3e00000|100%|HS|  |TAMS 0x00000000e3d00000, 0x00000000e3d00000| Complete 
|  62|0x00000000e3e00000, 0x00000000e3f00000, 0x00000000e3f00000|100%|HS|  |TAMS 0x00000000e3e00000, 0x00000000e3e00000| Complete 
|  63|0x00000000e3f00000, 0x00000000e3f00000, 0x00000000e4000000|  0%| F|  |TAMS 0x00000000e3f00000, 0x00000000e3f00000| Untracked 
|  64|0x00000000e4000000, 0x00000000e4000000, 0x00000000e4100000|  0%| F|  |TAMS 0x00000000e4000000, 0x00000000e4000000| Untracked 
|  65|0x00000000e4100000, 0x00000000e4100000, 0x00000000e4200000|  0%| F|  |TAMS 0x00000000e4100000, 0x00000000e4100000| Untracked 
|  66|0x00000000e4200000, 0x00000000e4200000, 0x00000000e4300000|  0%| F|  |TAMS 0x00000000e4200000, 0x00000000e4200000| Untracked 
|  67|0x00000000e4300000, 0x00000000e4300000, 0x00000000e4400000|  0%| F|  |TAMS 0x00000000e4300000, 0x00000000e4300000| Untracked 
|  68|0x00000000e4400000, 0x00000000e4400000, 0x00000000e4500000|  0%| F|  |TAMS 0x00000000e4400000, 0x00000000e4400000| Untracked 
|  69|0x00000000e4500000, 0x00000000e4500000, 0x00000000e4600000|  0%| F|  |TAMS 0x00000000e4500000, 0x00000000e4500000| Untracked 
|  70|0x00000000e4600000, 0x00000000e4600000, 0x00000000e4700000|  0%| F|  |TAMS 0x00000000e4600000, 0x00000000e4600000| Untracked 
|  71|0x00000000e4700000, 0x00000000e4700000, 0x00000000e4800000|  0%| F|  |TAMS 0x00000000e4700000, 0x00000000e4700000| Untracked 
|  72|0x00000000e4800000, 0x00000000e4800000, 0x00000000e4900000|  0%| F|  |TAMS 0x00000000e4800000, 0x00000000e4800000| Untracked 
|  73|0x00000000e4900000, 0x00000000e4900000, 0x00000000e4a00000|  0%| F|  |TAMS 0x00000000e4900000, 0x00000000e4900000| Untracked 
|  74|0x00000000e4a00000, 0x00000000e4a00000, 0x00000000e4b00000|  0%| F|  |TAMS 0x00000000e4a00000, 0x00000000e4a00000| Untracked 
|  75|0x00000000e4b00000, 0x00000000e4b00000, 0x00000000e4c00000|  0%| F|  |TAMS 0x00000000e4b00000, 0x00000000e4b00000| Untracked 
|  76|0x00000000e4c00000, 0x00000000e4c00000, 0x00000000e4d00000|  0%| F|  |TAMS 0x00000000e4c00000, 0x00000000e4c00000| Untracked 
|  77|0x00000000e4d00000, 0x00000000e4d00000, 0x00000000e4e00000|  0%| F|  |TAMS 0x00000000e4d00000, 0x00000000e4d00000| Untracked 
|  78|0x00000000e4e00000, 0x00000000e4e00000, 0x00000000e4f00000|  0%| F|  |TAMS 0x00000000e4e00000, 0x00000000e4e00000| Untracked 
|  79|0x00000000e4f00000, 0x00000000e4f00000, 0x00000000e5000000|  0%| F|  |TAMS 0x00000000e4f00000, 0x00000000e4f00000| Untracked 
|  80|0x00000000e5000000, 0x00000000e5000000, 0x00000000e5100000|  0%| F|  |TAMS 0x00000000e5000000, 0x00000000e5000000| Untracked 
|  81|0x00000000e5100000, 0x00000000e5100000, 0x00000000e5200000|  0%| F|  |TAMS 0x00000000e5100000, 0x00000000e5100000| Untracked 
|  82|0x00000000e5200000, 0x00000000e5200000, 0x00000000e5300000|  0%| F|  |TAMS 0x00000000e5200000, 0x00000000e5200000| Untracked 
|  83|0x00000000e5300000, 0x00000000e5300000, 0x00000000e5400000|  0%| F|  |TAMS 0x00000000e5300000, 0x00000000e5300000| Untracked 
|  84|0x00000000e5400000, 0x00000000e5400000, 0x00000000e5500000|  0%| F|  |TAMS 0x00000000e5400000, 0x00000000e5400000| Untracked 
|  85|0x00000000e5500000, 0x00000000e5500000, 0x00000000e5600000|  0%| F|  |TAMS 0x00000000e5500000, 0x00000000e5500000| Untracked 
|  86|0x00000000e5600000, 0x00000000e5600000, 0x00000000e5700000|  0%| F|  |TAMS 0x00000000e5600000, 0x00000000e5600000| Untracked 
|  87|0x00000000e5700000, 0x00000000e5700000, 0x00000000e5800000|  0%| F|  |TAMS 0x00000000e5700000, 0x00000000e5700000| Untracked 
|  88|0x00000000e5800000, 0x00000000e5800000, 0x00000000e5900000|  0%| F|  |TAMS 0x00000000e5800000, 0x00000000e5800000| Untracked 
|  89|0x00000000e5900000, 0x00000000e5900000, 0x00000000e5a00000|  0%| F|  |TAMS 0x00000000e5900000, 0x00000000e5900000| Untracked 
|  90|0x00000000e5a00000, 0x00000000e5a00000, 0x00000000e5b00000|  0%| F|  |TAMS 0x00000000e5a00000, 0x00000000e5a00000| Untracked 
|  91|0x00000000e5b00000, 0x00000000e5b00000, 0x00000000e5c00000|  0%| F|  |TAMS 0x00000000e5b00000, 0x00000000e5b00000| Untracked 
|  92|0x00000000e5c00000, 0x00000000e5c00000, 0x00000000e5d00000|  0%| F|  |TAMS 0x00000000e5c00000, 0x00000000e5c00000| Untracked 
|  93|0x00000000e5d00000, 0x00000000e5d00000, 0x00000000e5e00000|  0%| F|  |TAMS 0x00000000e5d00000, 0x00000000e5d00000| Untracked 
|  94|0x00000000e5e00000, 0x00000000e5e00000, 0x00000000e5f00000|  0%| F|  |TAMS 0x00000000e5e00000, 0x00000000e5e00000| Untracked 
|  95|0x00000000e5f00000, 0x00000000e5f00000, 0x00000000e6000000|  0%| F|  |TAMS 0x00000000e5f00000, 0x00000000e5f00000| Untracked 
|  96|0x00000000e6000000, 0x00000000e6000000, 0x00000000e6100000|  0%| F|  |TAMS 0x00000000e6000000, 0x00000000e6000000| Untracked 
|  97|0x00000000e6100000, 0x00000000e6100000, 0x00000000e6200000|  0%| F|  |TAMS 0x00000000e6100000, 0x00000000e6100000| Untracked 
|  98|0x00000000e6200000, 0x00000000e6200000, 0x00000000e6300000|  0%| F|  |TAMS 0x00000000e6200000, 0x00000000e6200000| Untracked 
|  99|0x00000000e6300000, 0x00000000e6300000, 0x00000000e6400000|  0%| F|  |TAMS 0x00000000e6300000, 0x00000000e6300000| Untracked 
| 100|0x00000000e6400000, 0x00000000e6400000, 0x00000000e6500000|  0%| F|  |TAMS 0x00000000e6400000, 0x00000000e6400000| Untracked 
| 101|0x00000000e6500000, 0x00000000e6500000, 0x00000000e6600000|  0%| F|  |TAMS 0x00000000e6500000, 0x00000000e6500000| Untracked 
| 102|0x00000000e6600000, 0x00000000e6600000, 0x00000000e6700000|  0%| F|  |TAMS 0x00000000e6600000, 0x00000000e6600000| Untracked 
| 103|0x00000000e6700000, 0x00000000e6700000, 0x00000000e6800000|  0%| F|  |TAMS 0x00000000e6700000, 0x00000000e6700000| Untracked 
| 104|0x00000000e6800000, 0x00000000e6800000, 0x00000000e6900000|  0%| F|  |TAMS 0x00000000e6800000, 0x00000000e6800000| Untracked 
| 105|0x00000000e6900000, 0x00000000e6900000, 0x00000000e6a00000|  0%| F|  |TAMS 0x00000000e6900000, 0x00000000e6900000| Untracked 
| 106|0x00000000e6a00000, 0x00000000e6a00000, 0x00000000e6b00000|  0%| F|  |TAMS 0x00000000e6a00000, 0x00000000e6a00000| Untracked 
| 107|0x00000000e6b00000, 0x00000000e6b00000, 0x00000000e6c00000|  0%| F|  |TAMS 0x00000000e6b00000, 0x00000000e6b00000| Untracked 
| 108|0x00000000e6c00000, 0x00000000e6c00000, 0x00000000e6d00000|  0%| F|  |TAMS 0x00000000e6c00000, 0x00000000e6c00000| Untracked 
| 109|0x00000000e6d00000, 0x00000000e6d00000, 0x00000000e6e00000|  0%| F|  |TAMS 0x00000000e6d00000, 0x00000000e6d00000| Untracked 
| 110|0x00000000e6e00000, 0x00000000e6e00000, 0x00000000e6f00000|  0%| F|  |TAMS 0x00000000e6e00000, 0x00000000e6e00000| Untracked 
| 111|0x00000000e6f00000, 0x00000000e6f00000, 0x00000000e7000000|  0%| F|  |TAMS 0x00000000e6f00000, 0x00000000e6f00000| Untracked 
| 112|0x00000000e7000000, 0x00000000e7000000, 0x00000000e7100000|  0%| F|  |TAMS 0x00000000e7000000, 0x00000000e7000000| Untracked 
| 113|0x00000000e7100000, 0x00000000e7100000, 0x00000000e7200000|  0%| F|  |TAMS 0x00000000e7100000, 0x00000000e7100000| Untracked 
| 114|0x00000000e7200000, 0x00000000e7200000, 0x00000000e7300000|  0%| F|  |TAMS 0x00000000e7200000, 0x00000000e7200000| Untracked 
| 115|0x00000000e7300000, 0x00000000e7300000, 0x00000000e7400000|  0%| F|  |TAMS 0x00000000e7300000, 0x00000000e7300000| Untracked 
| 116|0x00000000e7400000, 0x00000000e7400000, 0x00000000e7500000|  0%| F|  |TAMS 0x00000000e7400000, 0x00000000e7400000| Untracked 
| 117|0x00000000e7500000, 0x00000000e7500000, 0x00000000e7600000|  0%| F|  |TAMS 0x00000000e7500000, 0x00000000e7500000| Untracked 
| 118|0x00000000e7600000, 0x00000000e7600000, 0x00000000e7700000|  0%| F|  |TAMS 0x00000000e7600000, 0x00000000e7600000| Untracked 
| 119|0x00000000e7700000, 0x00000000e7700000, 0x00000000e7800000|  0%| F|  |TAMS 0x00000000e7700000, 0x00000000e7700000| Untracked 
| 120|0x00000000e7800000, 0x00000000e7800000, 0x00000000e7900000|  0%| F|  |TAMS 0x00000000e7800000, 0x00000000e7800000| Untracked 
| 121|0x00000000e7900000, 0x00000000e7900000, 0x00000000e7a00000|  0%| F|  |TAMS 0x00000000e7900000, 0x00000000e7900000| Untracked 
| 122|0x00000000e7a00000, 0x00000000e7a00000, 0x00000000e7b00000|  0%| F|  |TAMS 0x00000000e7a00000, 0x00000000e7a00000| Untracked 
| 123|0x00000000e7b00000, 0x00000000e7b00000, 0x00000000e7c00000|  0%| F|  |TAMS 0x00000000e7b00000, 0x00000000e7b00000| Untracked 
| 124|0x00000000e7c00000, 0x00000000e7c00000, 0x00000000e7d00000|  0%| F|  |TAMS 0x00000000e7c00000, 0x00000000e7c00000| Untracked 
| 125|0x00000000e7d00000, 0x00000000e7d00000, 0x00000000e7e00000|  0%| F|  |TAMS 0x00000000e7d00000, 0x00000000e7d00000| Untracked 
| 126|0x00000000e7e00000, 0x00000000e7e00000, 0x00000000e7f00000|  0%| F|  |TAMS 0x00000000e7e00000, 0x00000000e7e00000| Untracked 
| 127|0x00000000e7f00000, 0x00000000e7f00000, 0x00000000e8000000|  0%| F|  |TAMS 0x00000000e7f00000, 0x00000000e7f00000| Untracked 
| 128|0x00000000e8000000, 0x00000000e8000000, 0x00000000e8100000|  0%| F|  |TAMS 0x00000000e8000000, 0x00000000e8000000| Untracked 
| 129|0x00000000e8100000, 0x00000000e8100000, 0x00000000e8200000|  0%| F|  |TAMS 0x00000000e8100000, 0x00000000e8100000| Untracked 
| 130|0x00000000e8200000, 0x00000000e8200000, 0x00000000e8300000|  0%| F|  |TAMS 0x00000000e8200000, 0x00000000e8200000| Untracked 
| 131|0x00000000e8300000, 0x00000000e8300000, 0x00000000e8400000|  0%| F|  |TAMS 0x00000000e8300000, 0x00000000e8300000| Untracked 
| 132|0x00000000e8400000, 0x00000000e8400000, 0x00000000e8500000|  0%| F|  |TAMS 0x00000000e8400000, 0x00000000e8400000| Untracked 
| 133|0x00000000e8500000, 0x00000000e8500000, 0x00000000e8600000|  0%| F|  |TAMS 0x00000000e8500000, 0x00000000e8500000| Untracked 
| 134|0x00000000e8600000, 0x00000000e8600000, 0x00000000e8700000|  0%| F|  |TAMS 0x00000000e8600000, 0x00000000e8600000| Untracked 
| 135|0x00000000e8700000, 0x00000000e8700000, 0x00000000e8800000|  0%| F|  |TAMS 0x00000000e8700000, 0x00000000e8700000| Untracked 
| 136|0x00000000e8800000, 0x00000000e8800000, 0x00000000e8900000|  0%| F|  |TAMS 0x00000000e8800000, 0x00000000e8800000| Untracked 
| 137|0x00000000e8900000, 0x00000000e8900000, 0x00000000e8a00000|  0%| F|  |TAMS 0x00000000e8900000, 0x00000000e8900000| Untracked 
| 138|0x00000000e8a00000, 0x00000000e8a00000, 0x00000000e8b00000|  0%| F|  |TAMS 0x00000000e8a00000, 0x00000000e8a00000| Untracked 
| 139|0x00000000e8b00000, 0x00000000e8b00000, 0x00000000e8c00000|  0%| F|  |TAMS 0x00000000e8b00000, 0x00000000e8b00000| Untracked 
| 140|0x00000000e8c00000, 0x00000000e8c00000, 0x00000000e8d00000|  0%| F|  |TAMS 0x00000000e8c00000, 0x00000000e8c00000| Untracked 
| 141|0x00000000e8d00000, 0x00000000e8d00000, 0x00000000e8e00000|  0%| F|  |TAMS 0x00000000e8d00000, 0x00000000e8d00000| Untracked 
| 142|0x00000000e8e00000, 0x00000000e8e00000, 0x00000000e8f00000|  0%| F|  |TAMS 0x00000000e8e00000, 0x00000000e8e00000| Untracked 
| 143|0x00000000e8f00000, 0x00000000e8f00000, 0x00000000e9000000|  0%| F|  |TAMS 0x00000000e8f00000, 0x00000000e8f00000| Untracked 
| 144|0x00000000e9000000, 0x00000000e9000000, 0x00000000e9100000|  0%| F|  |TAMS 0x00000000e9000000, 0x00000000e9000000| Untracked 
| 145|0x00000000e9100000, 0x00000000e9100000, 0x00000000e9200000|  0%| F|  |TAMS 0x00000000e9100000, 0x00000000e9100000| Untracked 
| 146|0x00000000e9200000, 0x00000000e9200000, 0x00000000e9300000|  0%| F|  |TAMS 0x00000000e9200000, 0x00000000e9200000| Untracked 
| 147|0x00000000e9300000, 0x00000000e9300000, 0x00000000e9400000|  0%| F|  |TAMS 0x00000000e9300000, 0x00000000e9300000| Untracked 
| 148|0x00000000e9400000, 0x00000000e9400000, 0x00000000e9500000|  0%| F|  |TAMS 0x00000000e9400000, 0x00000000e9400000| Untracked 
| 149|0x00000000e9500000, 0x00000000e9500000, 0x00000000e9600000|  0%| F|  |TAMS 0x00000000e9500000, 0x00000000e9500000| Untracked 
| 150|0x00000000e9600000, 0x00000000e9600000, 0x00000000e9700000|  0%| F|  |TAMS 0x00000000e9600000, 0x00000000e9600000| Untracked 
| 151|0x00000000e9700000, 0x00000000e9700000, 0x00000000e9800000|  0%| F|  |TAMS 0x00000000e9700000, 0x00000000e9700000| Untracked 
| 152|0x00000000e9800000, 0x00000000e9800000, 0x00000000e9900000|  0%| F|  |TAMS 0x00000000e9800000, 0x00000000e9800000| Untracked 
| 153|0x00000000e9900000, 0x00000000e9900000, 0x00000000e9a00000|  0%| F|  |TAMS 0x00000000e9900000, 0x00000000e9900000| Untracked 
| 154|0x00000000e9a00000, 0x00000000e9a00000, 0x00000000e9b00000|  0%| F|  |TAMS 0x00000000e9a00000, 0x00000000e9a00000| Untracked 
| 155|0x00000000e9b00000, 0x00000000e9b00000, 0x00000000e9c00000|  0%| F|  |TAMS 0x00000000e9b00000, 0x00000000e9b00000| Untracked 
| 156|0x00000000e9c00000, 0x00000000e9c00000, 0x00000000e9d00000|  0%| F|  |TAMS 0x00000000e9c00000, 0x00000000e9c00000| Untracked 
| 157|0x00000000e9d00000, 0x00000000e9d00000, 0x00000000e9e00000|  0%| F|  |TAMS 0x00000000e9d00000, 0x00000000e9d00000| Untracked 
| 158|0x00000000e9e00000, 0x00000000e9e00000, 0x00000000e9f00000|  0%| F|  |TAMS 0x00000000e9e00000, 0x00000000e9e00000| Untracked 
| 159|0x00000000e9f00000, 0x00000000e9f00000, 0x00000000ea000000|  0%| F|  |TAMS 0x00000000e9f00000, 0x00000000e9f00000| Untracked 
| 160|0x00000000ea000000, 0x00000000ea000000, 0x00000000ea100000|  0%| F|  |TAMS 0x00000000ea000000, 0x00000000ea000000| Untracked 
| 161|0x00000000ea100000, 0x00000000ea100000, 0x00000000ea200000|  0%| F|  |TAMS 0x00000000ea100000, 0x00000000ea100000| Untracked 
| 162|0x00000000ea200000, 0x00000000ea200000, 0x00000000ea300000|  0%| F|  |TAMS 0x00000000ea200000, 0x00000000ea200000| Untracked 
| 163|0x00000000ea300000, 0x00000000ea345b28, 0x00000000ea400000| 27%| E|  |TAMS 0x00000000ea300000, 0x00000000ea300000| Complete 
| 164|0x00000000ea400000, 0x00000000ea500000, 0x00000000ea500000|100%| E|CS|TAMS 0x00000000ea400000, 0x00000000ea400000| Complete 
| 165|0x00000000ea500000, 0x00000000ea600000, 0x00000000ea600000|100%| E|CS|TAMS 0x00000000ea500000, 0x00000000ea500000| Complete 
| 166|0x00000000ea600000, 0x00000000ea700000, 0x00000000ea700000|100%| E|CS|TAMS 0x00000000ea600000, 0x00000000ea600000| Complete 
| 167|0x00000000ea700000, 0x00000000ea800000, 0x00000000ea800000|100%| E|CS|TAMS 0x00000000ea700000, 0x00000000ea700000| Complete 
| 168|0x00000000ea800000, 0x00000000ea900000, 0x00000000ea900000|100%| E|CS|TAMS 0x00000000ea800000, 0x00000000ea800000| Complete 
| 169|0x00000000ea900000, 0x00000000eaa00000, 0x00000000eaa00000|100%| E|  |TAMS 0x00000000ea900000, 0x00000000ea900000| Complete 
| 170|0x00000000eaa00000, 0x00000000eab00000, 0x00000000eab00000|100%| E|CS|TAMS 0x00000000eaa00000, 0x00000000eaa00000| Complete 
| 171|0x00000000eab00000, 0x00000000eac00000, 0x00000000eac00000|100%| E|CS|TAMS 0x00000000eab00000, 0x00000000eab00000| Complete 
| 172|0x00000000eac00000, 0x00000000ead00000, 0x00000000ead00000|100%| E|CS|TAMS 0x00000000eac00000, 0x00000000eac00000| Complete 
| 173|0x00000000ead00000, 0x00000000eae00000, 0x00000000eae00000|100%| E|CS|TAMS 0x00000000ead00000, 0x00000000ead00000| Complete 
| 174|0x00000000eae00000, 0x00000000eaf00000, 0x00000000eaf00000|100%| E|CS|TAMS 0x00000000eae00000, 0x00000000eae00000| Complete 
| 175|0x00000000eaf00000, 0x00000000eb000000, 0x00000000eb000000|100%| E|CS|TAMS 0x00000000eaf00000, 0x00000000eaf00000| Complete 
| 176|0x00000000eb000000, 0x00000000eb100000, 0x00000000eb100000|100%| E|CS|TAMS 0x00000000eb000000, 0x00000000eb000000| Complete 
| 177|0x00000000eb100000, 0x00000000eb200000, 0x00000000eb200000|100%| E|CS|TAMS 0x00000000eb100000, 0x00000000eb100000| Complete 
| 178|0x00000000eb200000, 0x00000000eb300000, 0x00000000eb300000|100%| E|CS|TAMS 0x00000000eb200000, 0x00000000eb200000| Complete 
| 179|0x00000000eb300000, 0x00000000eb400000, 0x00000000eb400000|100%| E|CS|TAMS 0x00000000eb300000, 0x00000000eb300000| Complete 
| 180|0x00000000eb400000, 0x00000000eb500000, 0x00000000eb500000|100%| E|CS|TAMS 0x00000000eb400000, 0x00000000eb400000| Complete 
| 181|0x00000000eb500000, 0x00000000eb600000, 0x00000000eb600000|100%| E|CS|TAMS 0x00000000eb500000, 0x00000000eb500000| Complete 
| 182|0x00000000eb600000, 0x00000000eb700000, 0x00000000eb700000|100%| E|CS|TAMS 0x00000000eb600000, 0x00000000eb600000| Complete 
| 183|0x00000000eb700000, 0x00000000eb800000, 0x00000000eb800000|100%| E|CS|TAMS 0x00000000eb700000, 0x00000000eb700000| Complete 
| 184|0x00000000eb800000, 0x00000000eb900000, 0x00000000eb900000|100%| E|CS|TAMS 0x00000000eb800000, 0x00000000eb800000| Complete 
| 185|0x00000000eb900000, 0x00000000eba00000, 0x00000000eba00000|100%| E|CS|TAMS 0x00000000eb900000, 0x00000000eb900000| Complete 
| 186|0x00000000eba00000, 0x00000000ebb00000, 0x00000000ebb00000|100%| E|CS|TAMS 0x00000000eba00000, 0x00000000eba00000| Complete 
| 187|0x00000000ebb00000, 0x00000000ebc00000, 0x00000000ebc00000|100%| E|CS|TAMS 0x00000000ebb00000, 0x00000000ebb00000| Complete 
| 188|0x00000000ebc00000, 0x00000000ebd00000, 0x00000000ebd00000|100%| E|CS|TAMS 0x00000000ebc00000, 0x00000000ebc00000| Complete 
| 189|0x00000000ebd00000, 0x00000000ebe00000, 0x00000000ebe00000|100%| E|CS|TAMS 0x00000000ebd00000, 0x00000000ebd00000| Complete 
| 190|0x00000000ebe00000, 0x00000000ebf00000, 0x00000000ebf00000|100%| E|CS|TAMS 0x00000000ebe00000, 0x00000000ebe00000| Complete 
| 191|0x00000000ebf00000, 0x00000000ec000000, 0x00000000ec000000|100%| E|CS|TAMS 0x00000000ebf00000, 0x00000000ebf00000| Complete 
| 192|0x00000000ec000000, 0x00000000ec100000, 0x00000000ec100000|100%| E|CS|TAMS 0x00000000ec000000, 0x00000000ec000000| Complete 
| 193|0x00000000ec100000, 0x00000000ec200000, 0x00000000ec200000|100%| E|CS|TAMS 0x00000000ec100000, 0x00000000ec100000| Complete 
| 194|0x00000000ec200000, 0x00000000ec300000, 0x00000000ec300000|100%| E|CS|TAMS 0x00000000ec200000, 0x00000000ec200000| Complete 
| 195|0x00000000ec300000, 0x00000000ec400000, 0x00000000ec400000|100%| E|CS|TAMS 0x00000000ec300000, 0x00000000ec300000| Complete 
| 196|0x00000000ec400000, 0x00000000ec500000, 0x00000000ec500000|100%| E|CS|TAMS 0x00000000ec400000, 0x00000000ec400000| Complete 
| 197|0x00000000ec500000, 0x00000000ec600000, 0x00000000ec600000|100%| E|CS|TAMS 0x00000000ec500000, 0x00000000ec500000| Complete 
| 198|0x00000000ec600000, 0x00000000ec700000, 0x00000000ec700000|100%| E|CS|TAMS 0x00000000ec600000, 0x00000000ec600000| Complete 
| 199|0x00000000ec700000, 0x00000000ec800000, 0x00000000ec800000|100%| E|CS|TAMS 0x00000000ec700000, 0x00000000ec700000| Complete 
| 200|0x00000000ec800000, 0x00000000ec900000, 0x00000000ec900000|100%| E|CS|TAMS 0x00000000ec800000, 0x00000000ec800000| Complete 
| 201|0x00000000ec900000, 0x00000000eca00000, 0x00000000eca00000|100%| E|CS|TAMS 0x00000000ec900000, 0x00000000ec900000| Complete 
| 202|0x00000000eca00000, 0x00000000ecb00000, 0x00000000ecb00000|100%| E|CS|TAMS 0x00000000eca00000, 0x00000000eca00000| Complete 
| 203|0x00000000ecb00000, 0x00000000ecc00000, 0x00000000ecc00000|100%| E|CS|TAMS 0x00000000ecb00000, 0x00000000ecb00000| Complete 
| 204|0x00000000ecc00000, 0x00000000ecd00000, 0x00000000ecd00000|100%| E|CS|TAMS 0x00000000ecc00000, 0x00000000ecc00000| Complete 
| 205|0x00000000ecd00000, 0x00000000ece00000, 0x00000000ece00000|100%| E|CS|TAMS 0x00000000ecd00000, 0x00000000ecd00000| Complete 
| 206|0x00000000ece00000, 0x00000000ecf00000, 0x00000000ecf00000|100%| E|CS|TAMS 0x00000000ece00000, 0x00000000ece00000| Complete 
| 207|0x00000000ecf00000, 0x00000000ed000000, 0x00000000ed000000|100%| E|CS|TAMS 0x00000000ecf00000, 0x00000000ecf00000| Complete 
| 208|0x00000000ed000000, 0x00000000ed100000, 0x00000000ed100000|100%| E|CS|TAMS 0x00000000ed000000, 0x00000000ed000000| Complete 
| 209|0x00000000ed100000, 0x00000000ed200000, 0x00000000ed200000|100%| E|CS|TAMS 0x00000000ed100000, 0x00000000ed100000| Complete 
| 210|0x00000000ed200000, 0x00000000ed300000, 0x00000000ed300000|100%| E|CS|TAMS 0x00000000ed200000, 0x00000000ed200000| Complete 
| 211|0x00000000ed300000, 0x00000000ed400000, 0x00000000ed400000|100%| E|CS|TAMS 0x00000000ed300000, 0x00000000ed300000| Complete 
| 212|0x00000000ed400000, 0x00000000ed500000, 0x00000000ed500000|100%| E|CS|TAMS 0x00000000ed400000, 0x00000000ed400000| Complete 
| 213|0x00000000ed500000, 0x00000000ed600000, 0x00000000ed600000|100%| E|CS|TAMS 0x00000000ed500000, 0x00000000ed500000| Complete 
| 214|0x00000000ed600000, 0x00000000ed700000, 0x00000000ed700000|100%| E|CS|TAMS 0x00000000ed600000, 0x00000000ed600000| Complete 
| 215|0x00000000ed700000, 0x00000000ed800000, 0x00000000ed800000|100%| E|CS|TAMS 0x00000000ed700000, 0x00000000ed700000| Complete 
| 216|0x00000000ed800000, 0x00000000ed900000, 0x00000000ed900000|100%| E|CS|TAMS 0x00000000ed800000, 0x00000000ed800000| Complete 
| 217|0x00000000ed900000, 0x00000000eda00000, 0x00000000eda00000|100%| E|CS|TAMS 0x00000000ed900000, 0x00000000ed900000| Complete 
| 218|0x00000000eda00000, 0x00000000edb00000, 0x00000000edb00000|100%| E|CS|TAMS 0x00000000eda00000, 0x00000000eda00000| Complete 
| 219|0x00000000edb00000, 0x00000000edc00000, 0x00000000edc00000|100%| E|CS|TAMS 0x00000000edb00000, 0x00000000edb00000| Complete 
| 220|0x00000000edc00000, 0x00000000edd00000, 0x00000000edd00000|100%| E|CS|TAMS 0x00000000edc00000, 0x00000000edc00000| Complete 
| 221|0x00000000edd00000, 0x00000000ede00000, 0x00000000ede00000|100%| E|CS|TAMS 0x00000000edd00000, 0x00000000edd00000| Complete 
| 222|0x00000000ede00000, 0x00000000edf00000, 0x00000000edf00000|100%| E|CS|TAMS 0x00000000ede00000, 0x00000000ede00000| Complete 
| 223|0x00000000edf00000, 0x00000000ee000000, 0x00000000ee000000|100%| E|CS|TAMS 0x00000000edf00000, 0x00000000edf00000| Complete 
| 224|0x00000000ee000000, 0x00000000ee100000, 0x00000000ee100000|100%| E|CS|TAMS 0x00000000ee000000, 0x00000000ee000000| Complete 
| 225|0x00000000ee100000, 0x00000000ee200000, 0x00000000ee200000|100%| E|CS|TAMS 0x00000000ee100000, 0x00000000ee100000| Complete 
| 226|0x00000000ee200000, 0x00000000ee300000, 0x00000000ee300000|100%| E|CS|TAMS 0x00000000ee200000, 0x00000000ee200000| Complete 
| 227|0x00000000ee300000, 0x00000000ee400000, 0x00000000ee400000|100%| E|CS|TAMS 0x00000000ee300000, 0x00000000ee300000| Complete 
| 228|0x00000000ee400000, 0x00000000ee500000, 0x00000000ee500000|100%| E|CS|TAMS 0x00000000ee400000, 0x00000000ee400000| Complete 
| 229|0x00000000ee500000, 0x00000000ee600000, 0x00000000ee600000|100%| E|CS|TAMS 0x00000000ee500000, 0x00000000ee500000| Complete 
| 230|0x00000000ee600000, 0x00000000ee700000, 0x00000000ee700000|100%| E|CS|TAMS 0x00000000ee600000, 0x00000000ee600000| Complete 
| 231|0x00000000ee700000, 0x00000000ee800000, 0x00000000ee800000|100%| E|CS|TAMS 0x00000000ee700000, 0x00000000ee700000| Complete 
| 232|0x00000000ee800000, 0x00000000ee900000, 0x00000000ee900000|100%| E|CS|TAMS 0x00000000ee800000, 0x00000000ee800000| Complete 
| 233|0x00000000ee900000, 0x00000000ee980000, 0x00000000eea00000| 50%| S|CS|TAMS 0x00000000ee900000, 0x00000000ee900000| Complete 
| 234|0x00000000eea00000, 0x00000000eeb00000, 0x00000000eeb00000|100%| S|CS|TAMS 0x00000000eea00000, 0x00000000eea00000| Complete 
| 235|0x00000000eeb00000, 0x00000000eec00000, 0x00000000eec00000|100%| S|CS|TAMS 0x00000000eeb00000, 0x00000000eeb00000| Complete 
| 236|0x00000000eec00000, 0x00000000eed00000, 0x00000000eed00000|100%| S|CS|TAMS 0x00000000eec00000, 0x00000000eec00000| Complete 
| 237|0x00000000eed00000, 0x00000000eee00000, 0x00000000eee00000|100%| E|CS|TAMS 0x00000000eed00000, 0x00000000eed00000| Complete 
| 238|0x00000000eee00000, 0x00000000eef00000, 0x00000000eef00000|100%| E|CS|TAMS 0x00000000eee00000, 0x00000000eee00000| Complete 
| 239|0x00000000eef00000, 0x00000000ef000000, 0x00000000ef000000|100%| E|CS|TAMS 0x00000000eef00000, 0x00000000eef00000| Complete 
| 240|0x00000000ef000000, 0x00000000ef100000, 0x00000000ef100000|100%| E|CS|TAMS 0x00000000ef000000, 0x00000000ef000000| Complete 
| 241|0x00000000ef100000, 0x00000000ef200000, 0x00000000ef200000|100%| E|CS|TAMS 0x00000000ef100000, 0x00000000ef100000| Complete 
| 242|0x00000000ef200000, 0x00000000ef300000, 0x00000000ef300000|100%| E|CS|TAMS 0x00000000ef200000, 0x00000000ef200000| Complete 
| 243|0x00000000ef300000, 0x00000000ef400000, 0x00000000ef400000|100%| E|CS|TAMS 0x00000000ef300000, 0x00000000ef300000| Complete 
| 244|0x00000000ef400000, 0x00000000ef500000, 0x00000000ef500000|100%| E|CS|TAMS 0x00000000ef400000, 0x00000000ef400000| Complete 
| 245|0x00000000ef500000, 0x00000000ef600000, 0x00000000ef600000|100%| E|CS|TAMS 0x00000000ef500000, 0x00000000ef500000| Complete 
| 246|0x00000000ef600000, 0x00000000ef700000, 0x00000000ef700000|100%| E|CS|TAMS 0x00000000ef600000, 0x00000000ef600000| Complete 
| 247|0x00000000ef700000, 0x00000000ef800000, 0x00000000ef800000|100%| E|CS|TAMS 0x00000000ef700000, 0x00000000ef700000| Complete 
| 248|0x00000000ef800000, 0x00000000ef900000, 0x00000000ef900000|100%| E|CS|TAMS 0x00000000ef800000, 0x00000000ef800000| Complete 
| 249|0x00000000ef900000, 0x00000000efa00000, 0x00000000efa00000|100%| E|CS|TAMS 0x00000000ef900000, 0x00000000ef900000| Complete 
| 250|0x00000000efa00000, 0x00000000efb00000, 0x00000000efb00000|100%| E|CS|TAMS 0x00000000efa00000, 0x00000000efa00000| Complete 
| 251|0x00000000efb00000, 0x00000000efc00000, 0x00000000efc00000|100%| E|CS|TAMS 0x00000000efb00000, 0x00000000efb00000| Complete 
| 252|0x00000000efc00000, 0x00000000efd00000, 0x00000000efd00000|100%| E|CS|TAMS 0x00000000efc00000, 0x00000000efc00000| Complete 
| 253|0x00000000efd00000, 0x00000000efe00000, 0x00000000efe00000|100%| E|CS|TAMS 0x00000000efd00000, 0x00000000efd00000| Complete 
| 254|0x00000000efe00000, 0x00000000eff00000, 0x00000000eff00000|100%| E|CS|TAMS 0x00000000efe00000, 0x00000000efe00000| Complete 
| 255|0x00000000eff00000, 0x00000000f0000000, 0x00000000f0000000|100%| E|CS|TAMS 0x00000000eff00000, 0x00000000eff00000| Complete 

Card table byte_map: [0x0000022d506d0000,0x0000022d507d0000] _byte_map_base: 0x0000022d4ffd0000

Marking Bits (Prev, Next): (CMBitMap*) 0x0000022d39e674b0, (CMBitMap*) 0x0000022d39e67470
 Prev Bits: [0x0000022d510d0000, 0x0000022d518d0000)
 Next Bits: [0x0000022d508d0000, 0x0000022d510d0000)

Polling page: 0x0000022d37e00000

Metaspace:

Usage:
  Non-class:     54.19 MB used.
      Class:      8.56 MB used.
       Both:     62.74 MB used.

Virtual space:
  Non-class space:       64.00 MB reserved,      54.50 MB ( 85%) committed,  1 nodes.
      Class space:      320.00 MB reserved,       8.81 MB (  3%) committed,  1 nodes.
             Both:      384.00 MB reserved,      63.31 MB ( 16%) committed. 

Chunk freelists:
   Non-Class:  8.69 MB
       Class:  7.01 MB
        Both:  15.70 MB

MaxMetaspaceSize: 384.00 MB
CompressedClassSpaceSize: 320.00 MB
Initial GC threshold: 21.00 MB
Current GC threshold: 99.38 MB
CDS: on
MetaspaceReclaimPolicy: balanced
 - commit_granule_bytes: 65536.
 - commit_granule_words: 8192.
 - virtual_space_node_default_size: 8388608.
 - enlarge_chunks_in_place: 1.
 - new_chunks_are_fully_committed: 0.
 - uncommit_free_chunks: 1.
 - use_allocation_guard: 0.
 - handle_deallocations: 1.


Internal statistics:

num_allocs_failed_limit: 15.
num_arena_births: 700.
num_arena_deaths: 0.
num_vsnodes_births: 2.
num_vsnodes_deaths: 0.
num_space_committed: 1013.
num_space_uncommitted: 0.
num_chunks_returned_to_freelist: 15.
num_chunks_taken_from_freelist: 3349.
num_chunk_merges: 15.
num_chunk_splits: 2199.
num_chunks_enlarged: 1450.
num_purges: 0.
num_inconsistent_stats: 0.

CodeHeap 'non-profiled nmethods': size=120000Kb used=5723Kb max_used=5903Kb free=114276Kb
 bounds [0x0000022d491a0000, 0x0000022d49780000, 0x0000022d506d0000]
CodeHeap 'profiled nmethods': size=120000Kb used=18202Kb max_used=19323Kb free=101797Kb
 bounds [0x0000022d416d0000, 0x0000022d429b0000, 0x0000022d48c00000]
CodeHeap 'non-nmethods': size=5760Kb used=2424Kb max_used=2495Kb free=3335Kb
 bounds [0x0000022d48c00000, 0x0000022d48e90000, 0x0000022d491a0000]
 total_blobs=9980 nmethods=9115 adapters=776
 compilation: enabled
              stopped_count=0, restarted_count=0
 full_count=0

Compilation events (20 events):
Event: 134.685 Thread 0x0000022d53ea85c0 nmethod 10619 0x0000022d418a4810 code [0x0000022d418a49a0, 0x0000022d418a4a98]
Event: 134.687 Thread 0x0000022d53ea85c0 10620       1       com.sun.management.internal.PlatformMBeanProviderImpl$4::mbeanInterfaceNames (5 bytes)
Event: 134.687 Thread 0x0000022d53ea85c0 nmethod 10620 0x0000022d492e6d10 code [0x0000022d492e6ea0, 0x0000022d492e6f78]
Event: 134.687 Thread 0x0000022d53ea85c0 10621       1       java.lang.management.DefaultPlatformMBeanProvider$10::mbeanInterfaceNames (5 bytes)
Event: 134.687 Thread 0x0000022d53ea85c0 nmethod 10621 0x0000022d492e6a10 code [0x0000022d492e6ba0, 0x0000022d492e6c78]
Event: 138.685 Thread 0x0000022d53ea85c0 10622       1       org.gradle.launcher.daemon.server.health.gc.GarbageCollectionEvent::getCount (5 bytes)
Event: 138.715 Thread 0x0000022d53ea85c0 nmethod 10622 0x0000022d492e6710 code [0x0000022d492e68a0, 0x0000022d492e6978]
Event: 141.019 Thread 0x0000022d53ea85c0 10623   !   3       java.util.concurrent.LinkedBlockingDeque$AbstractItr::next (100 bytes)
Event: 141.027 Thread 0x0000022d53ea4450 10625       4       java.lang.StringBuilder::append (6 bytes)
Event: 141.050 Thread 0x0000022d53ea85c0 nmethod 10623 0x0000022d41840090 code [0x0000022d41840340, 0x0000022d41841378]
Event: 141.050 Thread 0x0000022d53ea85c0 10624       3       java.util.concurrent.LinkedBlockingDeque$Itr::nextNode (5 bytes)
Event: 141.050 Thread 0x0000022d53ea85c0 nmethod 10624 0x0000022d42073710 code [0x0000022d420738a0, 0x0000022d420739b8]
Event: 141.066 Thread 0x0000022d53ea4450 nmethod 10625 0x0000022d4958f290 code [0x0000022d4958f460, 0x0000022d4958fda8]
Event: 147.703 Thread 0x0000022d53ea85c0 10626   !   3       java.util.concurrent.LinkedBlockingDeque::offerLast (53 bytes)
Event: 147.735 Thread 0x0000022d53ea85c0 nmethod 10626 0x0000022d41e42610 code [0x0000022d41e42880, 0x0000022d41e43498]
Event: 147.735 Thread 0x0000022d53ea85c0 10627       3       java.util.concurrent.LinkedBlockingDeque$Node::<init> (10 bytes)
Event: 147.736 Thread 0x0000022d53ea85c0 nmethod 10627 0x0000022d4299ce10 code [0x0000022d4299cfa0, 0x0000022d4299d158]
Event: 147.736 Thread 0x0000022d53ea85c0 10628       3       java.util.concurrent.LinkedBlockingDeque::linkLast (69 bytes)
Event: 147.865 Thread 0x0000022d53ea85c0 nmethod 10628 0x0000022d41f1e110 code [0x0000022d41f1e320, 0x0000022d41f1e9a8]
Event: 149.689 Thread 0x0000022d53ea4450 10629       4       javax.management.ObjectName::construct (1135 bytes)

GC Heap History (18 events):
Event: 3.406 GC heap before
{Heap before GC invocations=0 (full 0):
 garbage-first heap   total 262144K, used 13312K [0x00000000e0000000, 0x0000000100000000)
  region size 1024K, 13 young (13312K), 0 survivors (0K)
 Metaspace       used 1045K, committed 1152K, reserved 393216K
  class space    used 82K, committed 128K, reserved 327680K
}
Event: 3.432 GC heap after
{Heap after GC invocations=1 (full 0):
 garbage-first heap   total 262144K, used 3493K [0x00000000e0000000, 0x0000000100000000)
  region size 1024K, 2 young (2048K), 2 survivors (2048K)
 Metaspace       used 1045K, committed 1152K, reserved 393216K
  class space    used 82K, committed 128K, reserved 327680K
}
Event: 6.234 GC heap before
{Heap before GC invocations=1 (full 0):
 garbage-first heap   total 262144K, used 22949K [0x00000000e0000000, 0x0000000100000000)
  region size 1024K, 17 young (17408K), 2 survivors (2048K)
 Metaspace       used 3896K, committed 4096K, reserved 393216K
  class space    used 488K, committed 576K, reserved 327680K
}
Event: 6.239 GC heap after
{Heap after GC invocations=2 (full 0):
 garbage-first heap   total 262144K, used 10573K [0x00000000e0000000, 0x0000000100000000)
  region size 1024K, 3 young (3072K), 3 survivors (3072K)
 Metaspace       used 3896K, committed 4096K, reserved 393216K
  class space    used 488K, committed 576K, reserved 327680K
}
Event: 6.950 GC heap before
{Heap before GC invocations=2 (full 0):
 garbage-first heap   total 262144K, used 32077K [0x00000000e0000000, 0x0000000100000000)
  region size 1024K, 25 young (25600K), 3 survivors (3072K)
 Metaspace       used 4044K, committed 4160K, reserved 393216K
  class space    used 492K, committed 576K, reserved 327680K
}
Event: 6.955 GC heap after
{Heap after GC invocations=3 (full 0):
 garbage-first heap   total 262144K, used 11548K [0x00000000e0000000, 0x0000000100000000)
  region size 1024K, 1 young (1024K), 1 survivors (1024K)
 Metaspace       used 4044K, committed 4160K, reserved 393216K
  class space    used 492K, committed 576K, reserved 327680K
}
Event: 18.809 GC heap before
{Heap before GC invocations=3 (full 0):
 garbage-first heap   total 262144K, used 125212K [0x00000000e0000000, 0x0000000100000000)
  region size 1024K, 112 young (114688K), 1 survivors (1024K)
 Metaspace       used 21256K, committed 21504K, reserved 393216K
  class space    used 3090K, committed 3200K, reserved 327680K
}
Event: 18.855 GC heap after
{Heap after GC invocations=4 (full 0):
 garbage-first heap   total 262144K, used 21886K [0x00000000e0000000, 0x0000000100000000)
  region size 1024K, 11 young (11264K), 11 survivors (11264K)
 Metaspace       used 21256K, committed 21504K, reserved 393216K
  class space    used 3090K, committed 3200K, reserved 327680K
}
Event: 25.707 GC heap before
{Heap before GC invocations=5 (full 0):
 garbage-first heap   total 262144K, used 134526K [0x00000000e0000000, 0x0000000100000000)
  region size 1024K, 118 young (120832K), 11 survivors (11264K)
 Metaspace       used 35646K, committed 35968K, reserved 393216K
  class space    used 4899K, committed 5056K, reserved 327680K
}
Event: 25.766 GC heap after
{Heap after GC invocations=6 (full 0):
 garbage-first heap   total 262144K, used 30157K [0x00000000e0000000, 0x0000000100000000)
  region size 1024K, 9 young (9216K), 9 survivors (9216K)
 Metaspace       used 35646K, committed 35968K, reserved 393216K
  class space    used 4899K, committed 5056K, reserved 327680K
}
Event: 34.585 GC heap before
{Heap before GC invocations=7 (full 0):
 garbage-first heap   total 262144K, used 143821K [0x00000000e0000000, 0x0000000100000000)
  region size 1024K, 119 young (121856K), 9 survivors (9216K)
 Metaspace       used 46733K, committed 47232K, reserved 393216K
  class space    used 6551K, committed 6784K, reserved 327680K
}
Event: 34.636 GC heap after
{Heap after GC invocations=8 (full 0):
 garbage-first heap   total 262144K, used 37614K [0x00000000e0000000, 0x0000000100000000)
  region size 1024K, 8 young (8192K), 8 survivors (8192K)
 Metaspace       used 46733K, committed 47232K, reserved 393216K
  class space    used 6551K, committed 6784K, reserved 327680K
}
Event: 44.780 GC heap before
{Heap before GC invocations=8 (full 0):
 garbage-first heap   total 262144K, used 168686K [0x00000000e0000000, 0x0000000100000000)
  region size 1024K, 137 young (140288K), 8 survivors (8192K)
 Metaspace       used 52811K, committed 53376K, reserved 393216K
  class space    used 7365K, committed 7616K, reserved 327680K
}
Event: 44.859 GC heap after
{Heap after GC invocations=9 (full 0):
 garbage-first heap   total 262144K, used 48128K [0x00000000e0000000, 0x0000000100000000)
  region size 1024K, 18 young (18432K), 18 survivors (18432K)
 Metaspace       used 52811K, committed 53376K, reserved 393216K
  class space    used 7365K, committed 7616K, reserved 327680K
}
Event: 49.500 GC heap before
{Heap before GC invocations=9 (full 0):
 garbage-first heap   total 262144K, used 185344K [0x00000000e0000000, 0x0000000100000000)
  region size 1024K, 153 young (156672K), 18 survivors (18432K)
 Metaspace       used 54606K, committed 55168K, reserved 393216K
  class space    used 7563K, committed 7872K, reserved 327680K
}
Event: 49.611 GC heap after
{Heap after GC invocations=10 (full 0):
 garbage-first heap   total 262144K, used 58726K [0x00000000e0000000, 0x0000000100000000)
  region size 1024K, 20 young (20480K), 20 survivors (20480K)
 Metaspace       used 54606K, committed 55168K, reserved 393216K
  class space    used 7563K, committed 7872K, reserved 327680K
}
Event: 53.994 GC heap before
{Heap before GC invocations=10 (full 0):
 garbage-first heap   total 262144K, used 76134K [0x00000000e0000000, 0x0000000100000000)
  region size 1024K, 39 young (39936K), 20 survivors (20480K)
 Metaspace       used 59469K, committed 60096K, reserved 393216K
  class space    used 8203K, committed 8512K, reserved 327680K
}
Event: 54.062 GC heap after
{Heap after GC invocations=11 (full 0):
 garbage-first heap   total 262144K, used 62252K [0x00000000e0000000, 0x0000000100000000)
  region size 1024K, 4 young (4096K), 4 survivors (4096K)
 Metaspace       used 59469K, committed 60096K, reserved 393216K
  class space    used 8203K, committed 8512K, reserved 327680K
}

Deoptimization events (20 events):
Event: 62.127 Thread 0x0000022d6fbc9110 DEOPT PACKING pc=0x0000022d491ffb4c sp=0x000000e5a3ff9f10
Event: 62.127 Thread 0x0000022d6fbc9110 DEOPT UNPACKING pc=0x0000022d48c566e3 sp=0x000000e5a3ff93d8 mode 1
Event: 62.285 Thread 0x0000022d714e2ef0 DEOPT PACKING pc=0x0000022d491ffb4c sp=0x000000e5a01fde20
Event: 62.285 Thread 0x0000022d714e2ef0 DEOPT UNPACKING pc=0x0000022d48c566e3 sp=0x000000e5a01fd2e8 mode 1
Event: 62.286 Thread 0x0000022d714e2ef0 DEOPT PACKING pc=0x0000022d491ffb4c sp=0x000000e5a01fdee0
Event: 62.286 Thread 0x0000022d714e2ef0 DEOPT UNPACKING pc=0x0000022d48c566e3 sp=0x000000e5a01fd3a8 mode 1
Event: 64.045 Thread 0x0000022d714e2ef0 DEOPT PACKING pc=0x0000022d491ffb4c sp=0x000000e5a01fe230
Event: 64.045 Thread 0x0000022d714e2ef0 DEOPT UNPACKING pc=0x0000022d48c566e3 sp=0x000000e5a01fd6f8 mode 1
Event: 64.045 Thread 0x0000022d714e2ef0 DEOPT PACKING pc=0x0000022d491ffb4c sp=0x000000e5a01fe2f0
Event: 64.045 Thread 0x0000022d714e2ef0 DEOPT UNPACKING pc=0x0000022d48c566e3 sp=0x000000e5a01fd7b8 mode 1
Event: 68.097 Thread 0x0000022d6d16e590 DEOPT PACKING pc=0x0000022d491ffb4c sp=0x000000e5a23fa7b0
Event: 68.097 Thread 0x0000022d6d16e590 DEOPT UNPACKING pc=0x0000022d48c566e3 sp=0x000000e5a23f9c78 mode 1
Event: 68.097 Thread 0x0000022d6d16e590 DEOPT PACKING pc=0x0000022d491ffb4c sp=0x000000e5a23fa870
Event: 68.097 Thread 0x0000022d6d16e590 DEOPT UNPACKING pc=0x0000022d48c566e3 sp=0x000000e5a23f9d38 mode 1
Event: 68.834 Thread 0x0000022d714e4230 DEOPT PACKING pc=0x0000022d491ffb4c sp=0x000000e5a03fe160
Event: 68.834 Thread 0x0000022d714e4230 DEOPT UNPACKING pc=0x0000022d48c566e3 sp=0x000000e5a03fd628 mode 1
Event: 68.834 Thread 0x0000022d714e4230 DEOPT PACKING pc=0x0000022d491ffb4c sp=0x000000e5a03fe220
Event: 68.834 Thread 0x0000022d714e4230 DEOPT UNPACKING pc=0x0000022d48c566e3 sp=0x000000e5a03fd6e8 mode 1
Event: 149.693 Thread 0x0000022d6e2a2320 DEOPT PACKING pc=0x0000022d41d2e984 sp=0x000000e5a1dfe5e0
Event: 149.697 Thread 0x0000022d6e2a2320 DEOPT UNPACKING pc=0x0000022d48c566e3 sp=0x000000e5a1dfdb80 mode 0

Classes unloaded (0 events):
No events

Classes redefined (0 events):
No events

Internal exceptions (20 events):
Event: 59.588 Thread 0x0000022d6fbc9110 Exception <a 'java/io/FileNotFoundException'{0x00000000ebf25120}> (0x00000000ebf25120) 
thrown [s\open\src\hotspot\share\prims\jni.cpp, line 516]
Event: 59.589 Thread 0x0000022d6fbc9110 Exception <a 'java/io/FileNotFoundException'{0x00000000ebf26f70}> (0x00000000ebf26f70) 
thrown [s\open\src\hotspot\share\prims\jni.cpp, line 516]
Event: 60.266 Thread 0x0000022d6fbc9110 Exception <a 'java/lang/ClassNotFoundException'{0x00000000eb5eebb8}: com/intellij/openapi/externalSystem/rt/execution/ForkedDebuggerHelperBeanInfo> (0x00000000eb5eebb8) 
thrown [s\open\src\hotspot\share\classfile\systemDictionary.cpp, line 256]
Event: 60.268 Thread 0x0000022d6fbc9110 Exception <a 'java/lang/ClassNotFoundException'{0x00000000eb5f7638}: com/intellij/openapi/externalSystem/rt/execution/ForkedDebuggerHelperCustomizer> (0x00000000eb5f7638) 
thrown [s\open\src\hotspot\share\classfile\systemDictionary.cpp, line 256]
Event: 60.322 Thread 0x0000022d6fbc9110 Exception <a 'java/net/SocketException'{0x00000000eb40d5c0}: Socket is not connected: shutdown> (0x00000000eb40d5c0) 
thrown [s\open\src\hotspot\share\prims\jni.cpp, line 535]
Event: 60.942 Thread 0x0000022d6fbc9110 Exception <a 'java/lang/ClassNotFoundException'{0x00000000eb3100e8}: org/gradle/api/internal/file/collections/DefaultConfigurableFileCollectionBeanInfo> (0x00000000eb3100e8) 
thrown [s\open\src\hotspot\share\classfile\systemDictionary.cpp, line 256]
Event: 60.971 Thread 0x0000022d6fbc9110 Exception <a 'java/lang/ClassNotFoundException'{0x00000000eb320e48}: org/gradle/api/internal/file/CompositeFileCollectionBeanInfo> (0x00000000eb320e48) 
thrown [s\open\src\hotspot\share\classfile\systemDictionary.cpp, line 256]
Event: 60.983 Thread 0x0000022d6fbc9110 Exception <a 'java/lang/ClassNotFoundException'{0x00000000eb331b28}: org/gradle/api/internal/file/AbstractFileCollectionBeanInfo> (0x00000000eb331b28) 
thrown [s\open\src\hotspot\share\classfile\systemDictionary.cpp, line 256]
Event: 60.988 Thread 0x0000022d6fbc9110 Exception <a 'java/lang/ClassNotFoundException'{0x00000000eb3427a8}: org/gradle/api/internal/file/AbstractFileCollectionCustomizer> (0x00000000eb3427a8) 
thrown [s\open\src\hotspot\share\classfile\systemDictionary.cpp, line 256]
Event: 61.017 Thread 0x0000022d6fbc9110 Exception <a 'java/lang/ClassNotFoundException'{0x00000000eb365a60}: org/gradle/api/internal/file/CompositeFileCollectionCustomizer> (0x00000000eb365a60) 
thrown [s\open\src\hotspot\share\classfile\systemDictionary.cpp, line 256]
Event: 61.072 Thread 0x0000022d6fbc9110 Exception <a 'java/lang/ClassNotFoundException'{0x00000000eb38e4f0}: org/gradle/api/internal/file/collections/DefaultConfigurableFileCollectionCustomizer> (0x00000000eb38e4f0) 
thrown [s\open\src\hotspot\share\classfile\systemDictionary.cpp, line 256]
Event: 61.267 Thread 0x0000022d6fbc9110 Exception <a 'java/io/FileNotFoundException'{0x00000000eb3c0b70}> (0x00000000eb3c0b70) 
thrown [s\open\src\hotspot\share\prims\jni.cpp, line 516]
Event: 61.271 Thread 0x0000022d6fbc9110 Exception <a 'java/io/FileNotFoundException'{0x00000000eb3c3150}> (0x00000000eb3c3150) 
thrown [s\open\src\hotspot\share\prims\jni.cpp, line 516]
Event: 61.780 Thread 0x0000022d6fbc9110 Exception <a 'java/io/FileNotFoundException'{0x00000000eac57d10}> (0x00000000eac57d10) 
thrown [s\open\src\hotspot\share\prims\jni.cpp, line 516]
Event: 61.784 Thread 0x0000022d6fbc9110 Exception <a 'java/io/FileNotFoundException'{0x00000000eac5a338}> (0x00000000eac5a338) 
thrown [s\open\src\hotspot\share\prims\jni.cpp, line 516]
Event: 61.792 Thread 0x0000022d6fbc9110 Exception <a 'java/io/FileNotFoundException'{0x00000000eac5c6a0}> (0x00000000eac5c6a0) 
thrown [s\open\src\hotspot\share\prims\jni.cpp, line 516]
Event: 63.937 Thread 0x0000022d714e2ef0 Exception <a 'java/lang/NoSuchMethodError'{0x00000000ea6b7a30}: 'void java.lang.invoke.DirectMethodHandle$Holder.invokeStatic(java.lang.Object, long)'> (0x00000000ea6b7a30) 
thrown [s\open\src\hotspot\share\interpreter\linkResolver.cpp, line 759]
Event: 63.939 Thread 0x0000022d714e2ef0 Exception <a 'java/lang/NoSuchMethodError'{0x00000000ea6c0128}: 'java.lang.Object java.lang.invoke.DirectMethodHandle$Holder.newInvokeSpecial(java.lang.Object, long)'> (0x00000000ea6c0128) 
thrown [s\open\src\hotspot\share\interpreter\linkResolver.cpp, line 759]
Event: 63.964 Thread 0x0000022d714e2ef0 Exception <a 'java/lang/NoSuchMethodError'{0x00000000ea6c9838}: 'java.lang.Object java.lang.invoke.DirectMethodHandle$Holder.invokeStatic(java.lang.Object, java.lang.Object, long, java.lang.Object)'> (0x00000000ea6c9838) 
thrown [s\open\src\hotspot\share\interpreter\linkResolver.cpp, line 759]
Event: 63.965 Thread 0x0000022d714e2ef0 Exception <a 'java/lang/NoSuchMethodError'{0x00000000ea6cd010}: 'java.lang.Object java.lang.invoke.DirectMethodHandle$Holder.invokeStaticInit(java.lang.Object, java.lang.Object, long, java.lang.Object)'> (0x00000000ea6cd010) 
thrown [s\open\src\hotspot\share\interpreter\linkResolver.cpp, line 759]

VM Operations (20 events):
Event: 59.692 Executing VM operation: ICBufferFull
Event: 59.692 Executing VM operation: ICBufferFull done
Event: 60.697 Executing VM operation: Cleanup
Event: 60.697 Executing VM operation: Cleanup done
Event: 61.704 Executing VM operation: Cleanup
Event: 61.721 Executing VM operation: Cleanup done
Event: 62.729 Executing VM operation: Cleanup
Event: 62.729 Executing VM operation: Cleanup done
Event: 64.029 Executing VM operation: HandshakeAllThreads
Event: 64.030 Executing VM operation: HandshakeAllThreads done
Event: 65.041 Executing VM operation: Cleanup
Event: 65.041 Executing VM operation: Cleanup done
Event: 69.080 Executing VM operation: Cleanup
Event: 69.080 Executing VM operation: Cleanup done
Event: 70.088 Executing VM operation: Cleanup
Event: 70.089 Executing VM operation: Cleanup done
Event: 78.164 Executing VM operation: Cleanup
Event: 78.164 Executing VM operation: Cleanup done
Event: 82.209 Executing VM operation: Cleanup
Event: 82.210 Executing VM operation: Cleanup done

Events (20 events):
Event: 61.629 loading class java/nio/charset/Charset$1 done
Event: 61.653 loading class java/io/Console$2
Event: 61.653 loading class jdk/internal/access/JavaIOAccess
Event: 61.655 loading class jdk/internal/access/JavaIOAccess done
Event: 61.655 loading class java/io/Console$2 done
Event: 62.156 Thread 0x0000022d714e2ef0 Thread added: 0x0000022d714e2ef0
Event: 62.301 loading class java/lang/ProcessImpl
Event: 62.314 loading class java/lang/ProcessImpl done
Event: 63.943 loading class java/lang/ProcessHandleImpl
Event: 63.950 loading class java/lang/ProcessHandleImpl done
Event: 63.970 loading class java/lang/ProcessImpl$2
Event: 63.971 loading class java/lang/ProcessImpl$2 done
Event: 63.971 loading class java/lang/Process$PipeInputStream
Event: 63.999 loading class java/lang/Process$PipeInputStream done
Event: 64.030 loading class jdk/internal/event/ProcessStartEvent
Event: 64.044 loading class jdk/internal/event/ProcessStartEvent done
Event: 64.054 Thread 0x0000022d714e33c0 Thread added: 0x0000022d714e33c0
Event: 64.055 Thread 0x0000022d714e4230 Thread added: 0x0000022d714e4230
Event: 68.088 loading class java/time/Instant$1
Event: 68.088 loading class java/time/Instant$1 done


Dynamic libraries:
0x00007ff70c240000 - 0x00007ff70c250000 	C:\Program Files\Java\jdk-17\bin\java.exe
0x00007ff995b50000 - 0x00007ff995d67000 	C:\WINDOWS\SYSTEM32\ntdll.dll
0x00007ff994440000 - 0x00007ff994504000 	C:\WINDOWS\System32\KERNEL32.DLL
0x00007ff993170000 - 0x00007ff993516000 	C:\WINDOWS\System32\KERNELBASE.dll
0x00007ff992e90000 - 0x00007ff992fa1000 	C:\WINDOWS\System32\ucrtbase.dll
0x00007ff98fc90000 - 0x00007ff98fca9000 	C:\Program Files\Java\jdk-17\bin\jli.dll
0x00007ff994380000 - 0x00007ff994433000 	C:\WINDOWS\System32\ADVAPI32.dll
0x00007ff993f80000 - 0x00007ff994027000 	C:\WINDOWS\System32\msvcrt.dll
0x00007ff993930000 - 0x00007ff9939d8000 	C:\WINDOWS\System32\sechost.dll
0x00007ff989320000 - 0x00007ff98933b000 	C:\Program Files\Java\jdk-17\bin\VCRUNTIME140.dll
0x00007ff993030000 - 0x00007ff993058000 	C:\WINDOWS\System32\bcrypt.dll
0x00007ff994900000 - 0x00007ff994a17000 	C:\WINDOWS\System32\RPCRT4.dll
0x00007ff9940f0000 - 0x00007ff99429e000 	C:\WINDOWS\System32\USER32.dll
0x00007ff993870000 - 0x00007ff993896000 	C:\WINDOWS\System32\win32u.dll
0x00007ff995ae0000 - 0x00007ff995b09000 	C:\WINDOWS\System32\GDI32.dll
0x00007ff993750000 - 0x00007ff993868000 	C:\WINDOWS\System32\gdi32full.dll
0x00007ff993060000 - 0x00007ff9930fa000 	C:\WINDOWS\System32\msvcp_win.dll
0x00007ff982660000 - 0x00007ff98266a000 	C:\WINDOWS\SYSTEM32\VERSION.dll
0x00007ff97a540000 - 0x00007ff97a7d3000 	C:\WINDOWS\WinSxS\amd64_microsoft.windows.common-controls_6595b64144ccf1df_6.0.22621.2506_none_270c5ae97388e100\COMCTL32.dll
0x00007ff994030000 - 0x00007ff994061000 	C:\WINDOWS\System32\IMM32.DLL
0x00007ff98fc80000 - 0x00007ff98fc8c000 	C:\Program Files\Java\jdk-17\bin\vcruntime140_1.dll
0x00007ff97a910000 - 0x00007ff97a99e000 	C:\Program Files\Java\jdk-17\bin\msvcp140.dll
0x00007ff90b990000 - 0x00007ff90c56e000 	C:\Program Files\Java\jdk-17\bin\server\jvm.dll
0x00007ff995810000 - 0x00007ff995818000 	C:\WINDOWS\System32\PSAPI.DLL
0x00007ff9891a0000 - 0x00007ff9891d4000 	C:\WINDOWS\SYSTEM32\WINMM.dll
0x00007ff9754e0000 - 0x00007ff9754e9000 	C:\WINDOWS\SYSTEM32\WSOCK32.dll
0x00007ff9938b0000 - 0x00007ff993921000 	C:\WINDOWS\System32\WS2_32.dll
0x00007ff991e80000 - 0x00007ff991e98000 	C:\WINDOWS\SYSTEM32\kernel.appcore.dll
0x00007ff98e0b0000 - 0x00007ff98e0ba000 	C:\Program Files\Java\jdk-17\bin\jimage.dll
0x00007ff990000000 - 0x00007ff990233000 	C:\WINDOWS\SYSTEM32\DBGHELP.DLL
0x00007ff994570000 - 0x00007ff9948f9000 	C:\WINDOWS\System32\combase.dll
0x00007ff9942a0000 - 0x00007ff994377000 	C:\WINDOWS\System32\OLEAUT32.dll
0x00007ff9774e0000 - 0x00007ff977512000 	C:\WINDOWS\SYSTEM32\dbgcore.DLL
0x00007ff992fb0000 - 0x00007ff99302a000 	C:\WINDOWS\System32\bcryptPrimitives.dll
0x00007ff974fa0000 - 0x00007ff974fdb000 	C:\Program Files\Java\jdk-17\bin\jdwp.dll
0x00007ff98dd90000 - 0x00007ff98dd9e000 	C:\Program Files\Java\jdk-17\bin\instrument.dll
0x00007ff97b230000 - 0x00007ff97b255000 	C:\Program Files\Java\jdk-17\bin\java.dll
0x00007ff97a830000 - 0x00007ff97a907000 	C:\Program Files\Java\jdk-17\bin\jsvml.dll
0x00007ff994c30000 - 0x00007ff99548a000 	C:\WINDOWS\System32\SHELL32.dll
0x00007ff990d90000 - 0x00007ff991686000 	C:\WINDOWS\SYSTEM32\windows.storage.dll
0x00007ff990c50000 - 0x00007ff990d8e000 	C:\WINDOWS\SYSTEM32\wintypes.dll
0x00007ff9956f0000 - 0x00007ff9957e3000 	C:\WINDOWS\System32\SHCORE.dll
0x00007ff994510000 - 0x00007ff99456e000 	C:\WINDOWS\System32\shlwapi.dll
0x00007ff992dc0000 - 0x00007ff992de6000 	C:\WINDOWS\SYSTEM32\profapi.dll
0x00007ff978b80000 - 0x00007ff978b8c000 	C:\Program Files\Java\jdk-17\bin\dt_socket.dll
0x00007ff991930000 - 0x00007ff99195d000 	C:\WINDOWS\SYSTEM32\IPHLPAPI.DLL
0x00007ff992300000 - 0x00007ff992369000 	C:\WINDOWS\system32\mswsock.dll
0x00007ff97b670000 - 0x00007ff97b688000 	C:\Program Files\Java\jdk-17\bin\zip.dll
0x00007ff97b170000 - 0x00007ff97b189000 	C:\Program Files\Java\jdk-17\bin\net.dll
0x00007ff98a930000 - 0x00007ff98aa67000 	C:\WINDOWS\SYSTEM32\WINHTTP.dll
0x00007ff97ae80000 - 0x00007ff97ae96000 	C:\Program Files\Java\jdk-17\bin\nio.dll
0x00007ff97b220000 - 0x00007ff97b230000 	C:\Program Files\Java\jdk-17\bin\verify.dll
0x00007ff97ab20000 - 0x00007ff97ab47000 	C:\Users\vidka\.gradle\native\c067742578af261105cb4f569cf0c3c89f3d7b1fecec35dd04571415982c5e48\windows-amd64\native-platform.dll
0x00007ff9713c0000 - 0x00007ff971504000 	C:\Users\vidka\.gradle\native\38dada09dfb8b06ba9b0570ebf7e218e3eb74d4ef43ca46872605cf95ebc2f47\windows-amd64\native-platform-file-events.dll
0x00007ff97ae70000 - 0x00007ff97ae7a000 	C:\Program Files\Java\jdk-17\bin\management.dll
0x00007ff97ae60000 - 0x00007ff97ae6b000 	C:\Program Files\Java\jdk-17\bin\management_ext.dll
0x00007ff992520000 - 0x00007ff99253b000 	C:\WINDOWS\SYSTEM32\CRYPTSP.dll
0x00007ff991de0000 - 0x00007ff991e15000 	C:\WINDOWS\system32\rsaenh.dll
0x00007ff9923c0000 - 0x00007ff9923ec000 	C:\WINDOWS\SYSTEM32\USERENV.dll
0x00007ff992540000 - 0x00007ff99254c000 	C:\WINDOWS\SYSTEM32\CRYPTBASE.dll
0x00007ff994a80000 - 0x00007ff994a89000 	C:\WINDOWS\System32\NSI.dll
0x00007ff98a910000 - 0x00007ff98a929000 	C:\WINDOWS\SYSTEM32\dhcpcsvc6.DLL
0x00007ff98a8f0000 - 0x00007ff98a90f000 	C:\WINDOWS\SYSTEM32\dhcpcsvc.DLL
0x00007ff991960000 - 0x00007ff991a59000 	C:\WINDOWS\SYSTEM32\DNSAPI.dll
0x00007ff97aa10000 - 0x00007ff97aa1e000 	C:\Program Files\Java\jdk-17\bin\sunmscapi.dll
0x00007ff9935e0000 - 0x00007ff993746000 	C:\WINDOWS\System32\CRYPT32.dll
0x00007ff992750000 - 0x00007ff99277e000 	C:\WINDOWS\SYSTEM32\ncrypt.dll
0x00007ff992710000 - 0x00007ff992747000 	C:\WINDOWS\SYSTEM32\NTASN1.dll
0x00007ff969ff0000 - 0x00007ff969ff8000 	C:\WINDOWS\system32\wshunix.dll

dbghelp: loaded successfully - version: 4.0.5 - missing functions: none
symbol engine: initialized successfully - sym options: 0x614 - pdb path: .;C:\Program Files\Java\jdk-17\bin;C:\WINDOWS\SYSTEM32;C:\WINDOWS\WinSxS\amd64_microsoft.windows.common-controls_6595b64144ccf1df_6.0.22621.2506_none_270c5ae97388e100;C:\Program Files\Java\jdk-17\bin\server;C:\Users\vidka\.gradle\native\c067742578af261105cb4f569cf0c3c89f3d7b1fecec35dd04571415982c5e48\windows-amd64;C:\Users\vidka\.gradle\native\38dada09dfb8b06ba9b0570ebf7e218e3eb74d4ef43ca46872605cf95ebc2f47\windows-amd64

VM Arguments:
jvm_args: --add-opens=java.base/java.util.concurrent.atomic=ALL-UNNAMED -XX:MaxMetaspaceSize=384m -XX:+HeapDumpOnOutOfMemoryError -agentlib:jdwp=transport=dt_socket,server=n,suspend=y,address=127.0.0.1:55123 --add-opens=java.base/java.util=ALL-UNNAMED --add-opens=java.base/java.lang=ALL-UNNAMED --add-opens=java.base/java.lang.invoke=ALL-UNNAMED --add-opens=java.prefs/java.util.prefs=ALL-UNNAMED --add-opens=java.base/java.nio.charset=ALL-UNNAMED --add-opens=java.base/java.net=ALL-UNNAMED --add-opens=java.base/java.util.concurrent.atomic=ALL-UNNAMED -Xms256m -Xmx512m -Dfile.encoding=windows-1252 -Duser.country=US -Duser.language=en -Duser.variant -javaagent:C:\Users\vidka\.gradle\wrapper\dists\gradle-8.4-bin\1w5dpkrfk8irigvoxmyhowfim\gradle-8.4\lib\agents\gradle-instrumentation-agent-8.4.jar 
java_command: org.gradle.launcher.daemon.bootstrap.GradleDaemon 8.4
java_class_path (initial): C:\Users\vidka\.gradle\wrapper\dists\gradle-8.4-bin\1w5dpkrfk8irigvoxmyhowfim\gradle-8.4\lib\gradle-launcher-8.4.jar
Launcher Type: SUN_STANDARD

[Global flags]
     intx CICompilerCount                          = 3                                         {product} {ergonomic}
   size_t CompressedClassSpaceSize                 = 335544320                                 {product} {ergonomic}
     uint ConcGCThreads                            = 1                                         {product} {ergonomic}
     uint G1ConcRefinementThreads                  = 4                                         {product} {ergonomic}
   size_t G1HeapRegionSize                         = 1048576                                   {product} {ergonomic}
    uintx GCDrainStackTargetSize                   = 64                                        {product} {ergonomic}
     bool HeapDumpOnOutOfMemoryError               = true                                   {manageable} {command line}
   size_t InitialHeapSize                          = 268435456                                 {product} {command line}
   size_t MarkStackSize                            = 4194304                                   {product} {ergonomic}
   size_t MaxHeapSize                              = 536870912                                 {product} {command line}
   size_t MaxMetaspaceSize                         = 402653184                                 {product} {command line}
   size_t MaxNewSize                               = 321912832                                 {product} {ergonomic}
   size_t MinHeapDeltaBytes                        = 1048576                                   {product} {ergonomic}
   size_t MinHeapSize                              = 268435456                                 {product} {command line}
    uintx NonNMethodCodeHeapSize                   = 5832780                                {pd product} {ergonomic}
    uintx NonProfiledCodeHeapSize                  = 122912730                              {pd product} {ergonomic}
    uintx ProfiledCodeHeapSize                     = 122912730                              {pd product} {ergonomic}
    uintx ReservedCodeCacheSize                    = 251658240                              {pd product} {ergonomic}
     bool SegmentedCodeCache                       = true                                      {product} {ergonomic}
   size_t SoftMaxHeapSize                          = 536870912                              {manageable} {ergonomic}
     bool UseCompressedClassPointers               = true                           {product lp64_product} {ergonomic}
     bool UseCompressedOops                        = true                           {product lp64_product} {ergonomic}
     bool UseG1GC                                  = true                                      {product} {ergonomic}
     bool UseLargePagesIndividualAllocation        = false                                  {pd product} {ergonomic}

Logging:
Log output configuration:
 #0: stdout all=warning uptime,level,tags
 #1: stderr all=off uptime,level,tags

Environment Variables:
PATH=C:\Program Files\Common Files\Oracle\Java\javapath;C:\WINDOWS\system32;C:\WINDOWS;C:\WINDOWS\System32\Wbem;C:\WINDOWS\System32\WindowsPowerShell\v1.0\;C:\WINDOWS\System32\OpenSSH\;C:\Program Files\Git\cmd;C:\Program Files\nodejs\;C:\Program Files\MySQL\MySQL Shell 8.0\bin\;C:\Users\vidka\AppData\Local\Microsoft\WindowsApps;;C:\Users\vidka\AppData\Local\Programs\Microsoft VS Code\bin;C:\Users\vidka\AppData\Roaming\npm;C:\Program Files\JetBrains\IntelliJ IDEA Community Edition 2023.2.1\bin;
USERNAME=vidka
OS=Windows_NT
PROCESSOR_IDENTIFIER=Intel64 Family 6 Model 126 Stepping 5, GenuineIntel



---------------  S Y S T E M  ---------------

OS:
 Windows 11 , 64 bit Build 22621 (10.0.22621.2506)
OS uptime: 2 days 6:38 hours
Hyper-V role detected

CPU: total 4 (initial active 4) (2 cores per cpu, 2 threads per core) family 6 model 126 stepping 5 microcode 0xb0, cx8, cmov, fxsr, ht, mmx, 3dnowpref, sse, sse2, sse3, ssse3, sse4.1, sse4.2, popcnt, lzcnt, tsc, tscinvbit, avx, avx2, aes, erms, clmul, bmi1, bmi2, adx, avx512f, avx512dq, avx512cd, avx512bw, avx512vl, sha, fma, vzeroupper, avx512_vpopcntdq, avx512_vpclmulqdq, avx512_vaes, avx512_vnni, clflush, clflushopt, avx512_vbmi2, avx512_vbmi, hv

Memory: 4k page, system-wide physical 3682M (21M free)
TotalPageFile size 14946M (AvailPageFile size 0M)
current process WorkingSet (physical memory assigned to process): 14M, peak: 295M
current process commit charge ("private bytes"): 484M, peak: 514M

vm_info: Java HotSpot(TM) 64-Bit Server VM (17.0.8+9-LTS-211) for windows-amd64 JRE (17.0.8+9-LTS-211), built on Jun 14 2023 10:34:31 by "mach5one" with MS VC++ 17.1 (VS2022)

END.
